#-----------------------------------------------------------
# xsim v2025.1 (64-bit)
# SW Build 6140274 on Thu May 22 00:12:29 MDT 2025
# IP Build 6138677 on Thu May 22 03:10:11 MDT 2025
# SharedData Build 6139179 on Tue May 20 17:58:58 MDT 2025
# Start of session at: Mon Sep 29 21:23:18 2025
# Process ID         : 22184
# Current directory  : C:/Users/parkw/RV32I_CPU
# Command line       : xsim.exe -mode tcl -source {xsim.dir/tb_sim/xsim_script.tcl}
# Log file           : C:/Users/parkw/RV32I_CPU/xsim.log
# Journal file       : C:/Users/parkw/RV32I_CPU\xsim.jou
# Running On         : NB-WYPARK
# Platform           : Windows Server 2016 or Windows 10
# Operating System   : 26100
# Processor Detail   : AMD Ryzen 3 PRO 7330U with Radeon Graphics     
# CPU Frequency      : 2296 MHz
# CPU Physical cores : 4
# CPU Logical cores  : 8
# Host memory        : 15886 MB
# Swap memory        : 6174 MB
# Total Virtual      : 22060 MB
# Available Virtual  : 3711 MB
#-----------------------------------------------------------
source xsim.dir/tb_sim/xsim_script.tcl
# xsim {tb_sim} -autoloadwcfg -tclbatch {xsim.dir/tb_sim/xsim_script.tcl}
Time resolution is 1 ps
source xsim.dir/tb_sim/xsim_script.tcl
## xsim {tb_sim} -autoloadwcfg -tclbatch {xsim.dir/tb_sim/xsim_script.tcl}
Time resolution is 1 ps
source xsim.dir/tb_sim/xsim_script.tcl
### xsim {tb_sim} -autoloadwcfg -tclbatch {xsim.dir/tb_sim/xsim_script.tcl}
Time resolution is 1 ps
source xsim.dir/tb_sim/xsim_script.tcl
#### xsim {tb_sim} -autoloadwcfg -tclbatch {xsim.dir/tb_sim/xsim_script.tcl}
Time resolution is 1 ps
source xsim.dir/tb_sim/xsim_script.tcl
##### xsim {tb_sim} -autoloadwcfg -tclbatch {xsim.dir/tb_sim/xsim_script.tcl}
Time resolution is 1 ps
source xsim.dir/tb_sim/xsim_script.tcl
###### xsim {tb_sim} -autoloadwcfg -tclbatch {xsim.dir/tb_sim/xsim_script.tcl}
Time resolution is 1 ps
source xsim.dir/tb_sim/xsim_script.tcl
####### xsim {tb_sim} -autoloadwcfg -tclbatch {xsim.dir/tb_sim/xsim_script.tcl}
Time resolution is 1 ps
source xsim.dir/tb_sim/xsim_script.tcl
######## xsim {tb_sim} -autoloadwcfg -tclbatch {xsim.dir/tb_sim/xsim_script.tcl}
Time resolution is 1 ps
source xsim.dir/tb_sim/xsim_script.tcl
######### xsim {tb_sim} -autoloadwcfg -tclbatch {xsim.dir/tb_sim/xsim_script.tcl}
Time resolution is 1 ps
source xsim.dir/tb_sim/xsim_script.tcl
########## xsim {tb_sim} -autoloadwcfg -tclbatch {xsim.dir/tb_sim/xsim_script.tcl}
Time resolution is 1 ps
source xsim.dir/tb_sim/xsim_script.tcl
########### xsim {tb_sim} -autoloadwcfg -tclbatch {xsim.dir/tb_sim/xsim_script.tcl}
Time resolution is 1 ps
source xsim.dir/tb_sim/xsim_script.tcl
############ xsim {tb_sim} -autoloadwcfg -tclbatch {xsim.dir/tb_sim/xsim_script.tcl}
Time resolution is 1 ps
source xsim.dir/tb_sim/xsim_script.tcl
############# xsim {tb_sim} -autoloadwcfg -tclbatch {xsim.dir/tb_sim/xsim_script.tcl}
Time resolution is 1 ps
source xsim.dir/tb_sim/xsim_script.tcl
############## xsim {tb_sim} -autoloadwcfg -tclbatch {xsim.dir/tb_sim/xsim_script.tcl}
Time resolution is 1 ps
source xsim.dir/tb_sim/xsim_script.tcl
############### xsim {tb_sim} -autoloadwcfg -tclbatch {xsim.dir/tb_sim/xsim_script.tcl}
Time resolution is 1 ps
source xsim.dir/tb_sim/xsim_script.tcl
################ xsim {tb_sim} -autoloadwcfg -tclbatch {xsim.dir/tb_sim/xsim_script.tcl}
Time resolution is 1 ps
source xsim.dir/tb_sim/xsim_script.tcl
################# xsim {tb_sim} -autoloadwcfg -tclbatch {xsim.dir/tb_sim/xsim_script.tcl}
Time resolution is 1 ps
source xsim.dir/tb_sim/xsim_script.tcl
################## xsim {tb_sim} -autoloadwcfg -tclbatch {xsim.dir/tb_sim/xsim_script.tcl}
Time resolution is 1 ps
source xsim.dir/tb_sim/xsim_script.tcl
################### xsim {tb_sim} -autoloadwcfg -tclbatch {xsim.dir/tb_sim/xsim_script.tcl}
Time resolution is 1 ps
source xsim.dir/tb_sim/xsim_script.tcl
#################### xsim {tb_sim} -autoloadwcfg -tclbatch {xsim.dir/tb_sim/xsim_script.tcl}
Time resolution is 1 ps
source xsim.dir/tb_sim/xsim_script.tcl
##################### xsim {tb_sim} -autoloadwcfg -tclbatch {xsim.dir/tb_sim/xsim_script.tcl}
Time resolution is 1 ps
source xsim.dir/tb_sim/xsim_script.tcl
###################### xsim {tb_sim} -autoloadwcfg -tclbatch {xsim.dir/tb_sim/xsim_script.tcl}
Time resolution is 1 ps
source xsim.dir/tb_sim/xsim_script.tcl
####################### xsim {tb_sim} -autoloadwcfg -tclbatch {xsim.dir/tb_sim/xsim_script.tcl}
Time resolution is 1 ps
source xsim.dir/tb_sim/xsim_script.tcl
######################## xsim {tb_sim} -autoloadwcfg -tclbatch {xsim.dir/tb_sim/xsim_script.tcl}
Time resolution is 1 ps
source xsim.dir/tb_sim/xsim_script.tcl
######################### xsim {tb_sim} -autoloadwcfg -tclbatch {xsim.dir/tb_sim/xsim_script.tcl}
Time resolution is 1 ps
source xsim.dir/tb_sim/xsim_script.tcl
########################## xsim {tb_sim} -autoloadwcfg -tclbatch {xsim.dir/tb_sim/xsim_script.tcl}
Time resolution is 1 ps
source xsim.dir/tb_sim/xsim_script.tcl
########################### xsim {tb_sim} -autoloadwcfg -tclbatch {xsim.dir/tb_sim/xsim_script.tcl}
Time resolution is 1 ps
source xsim.dir/tb_sim/xsim_script.tcl
############################ xsim {tb_sim} -autoloadwcfg -tclbatch {xsim.dir/tb_sim/xsim_script.tcl}
Time resolution is 1 ps
source xsim.dir/tb_sim/xsim_script.tcl
############################# xsim {tb_sim} -autoloadwcfg -tclbatch {xsim.dir/tb_sim/xsim_script.tcl}
Time resolution is 1 ps
source xsim.dir/tb_sim/xsim_script.tcl
############################## xsim {tb_sim} -autoloadwcfg -tclbatch {xsim.dir/tb_sim/xsim_script.tcl}
Time resolution is 1 ps
source xsim.dir/tb_sim/xsim_script.tcl
############################### xsim {tb_sim} -autoloadwcfg -tclbatch {xsim.dir/tb_sim/xsim_script.tcl}
Time resolution is 1 ps
source xsim.dir/tb_sim/xsim_script.tcl
################################ xsim {tb_sim} -autoloadwcfg -tclbatch {xsim.dir/tb_sim/xsim_script.tcl}
Time resolution is 1 ps
source xsim.dir/tb_sim/xsim_script.tcl
################################# xsim {tb_sim} -autoloadwcfg -tclbatch {xsim.dir/tb_sim/xsim_script.tcl}
Time resolution is 1 ps
source xsim.dir/tb_sim/xsim_script.tcl
################################## xsim {tb_sim} -autoloadwcfg -tclbatch {xsim.dir/tb_sim/xsim_script.tcl}
Time resolution is 1 ps
source xsim.dir/tb_sim/xsim_script.tcl
################################### xsim {tb_sim} -autoloadwcfg -tclbatch {xsim.dir/tb_sim/xsim_script.tcl}
Time resolution is 1 ps
source xsim.dir/tb_sim/xsim_script.tcl
#################################### xsim {tb_sim} -autoloadwcfg -tclbatch {xsim.dir/tb_sim/xsim_script.tcl}
Time resolution is 1 ps
source xsim.dir/tb_sim/xsim_script.tcl
##################################### xsim {tb_sim} -autoloadwcfg -tclbatch {xsim.dir/tb_sim/xsim_script.tcl}
Time resolution is 1 ps
source xsim.dir/tb_sim/xsim_script.tcl
###################################### xsim {tb_sim} -autoloadwcfg -tclbatch {xsim.dir/tb_sim/xsim_script.tcl}
Time resolution is 1 ps
source xsim.dir/tb_sim/xsim_script.tcl
####################################### xsim {tb_sim} -autoloadwcfg -tclbatch {xsim.dir/tb_sim/xsim_script.tcl}
Time resolution is 1 ps
source xsim.dir/tb_sim/xsim_script.tcl
######################################## xsim {tb_sim} -autoloadwcfg -tclbatch {xsim.dir/tb_sim/xsim_script.tcl}
Time resolution is 1 ps
source xsim.dir/tb_sim/xsim_script.tcl
######################################### xsim {tb_sim} -autoloadwcfg -tclbatch {xsim.dir/tb_sim/xsim_script.tcl}
Time resolution is 1 ps
source xsim.dir/tb_sim/xsim_script.tcl
########################################## xsim {tb_sim} -autoloadwcfg -tclbatch {xsim.dir/tb_sim/xsim_script.tcl}
Time resolution is 1 ps
source xsim.dir/tb_sim/xsim_script.tcl
########################################### xsim {tb_sim} -autoloadwcfg -tclbatch {xsim.dir/tb_sim/xsim_script.tcl}
Time resolution is 1 ps
source xsim.dir/tb_sim/xsim_script.tcl
############################################ xsim {tb_sim} -autoloadwcfg -tclbatch {xsim.dir/tb_sim/xsim_script.tcl}
Time resolution is 1 ps
source xsim.dir/tb_sim/xsim_script.tcl
############################################# xsim {tb_sim} -autoloadwcfg -tclbatch {xsim.dir/tb_sim/xsim_script.tcl}
Time resolution is 1 ps
source xsim.dir/tb_sim/xsim_script.tcl
############################################## xsim {tb_sim} -autoloadwcfg -tclbatch {xsim.dir/tb_sim/xsim_script.tcl}
Time resolution is 1 ps
source xsim.dir/tb_sim/xsim_script.tcl
############################################### xsim {tb_sim} -autoloadwcfg -tclbatch {xsim.dir/tb_sim/xsim_script.tcl}
Time resolution is 1 ps
source xsim.dir/tb_sim/xsim_script.tcl
################################################ xsim {tb_sim} -autoloadwcfg -tclbatch {xsim.dir/tb_sim/xsim_script.tcl}
Time resolution is 1 ps
source xsim.dir/tb_sim/xsim_script.tcl
################################################# xsim {tb_sim} -autoloadwcfg -tclbatch {xsim.dir/tb_sim/xsim_script.tcl}
Time resolution is 1 ps
source xsim.dir/tb_sim/xsim_script.tcl
################################################## xsim {tb_sim} -autoloadwcfg -tclbatch {xsim.dir/tb_sim/xsim_script.tcl}
Time resolution is 1 ps
source xsim.dir/tb_sim/xsim_script.tcl
################################################### xsim {tb_sim} -autoloadwcfg -tclbatch {xsim.dir/tb_sim/xsim_script.tcl}
Time resolution is 1 ps
source xsim.dir/tb_sim/xsim_script.tcl
#################################################### xsim {tb_sim} -autoloadwcfg -tclbatch {xsim.dir/tb_sim/xsim_script.tcl}
Time resolution is 1 ps
source xsim.dir/tb_sim/xsim_script.tcl
##################################################### xsim {tb_sim} -autoloadwcfg -tclbatch {xsim.dir/tb_sim/xsim_script.tcl}
Time resolution is 1 ps
source xsim.dir/tb_sim/xsim_script.tcl
###################################################### xsim {tb_sim} -autoloadwcfg -tclbatch {xsim.dir/tb_sim/xsim_script.tcl}
Time resolution is 1 ps
source xsim.dir/tb_sim/xsim_script.tcl
####################################################### xsim {tb_sim} -autoloadwcfg -tclbatch {xsim.dir/tb_sim/xsim_script.tcl}
Time resolution is 1 ps
source xsim.dir/tb_sim/xsim_script.tcl
######################################################## xsim {tb_sim} -autoloadwcfg -tclbatch {xsim.dir/tb_sim/xsim_script.tcl}
Time resolution is 1 ps
source xsim.dir/tb_sim/xsim_script.tcl
######################################################### xsim {tb_sim} -autoloadwcfg -tclbatch {xsim.dir/tb_sim/xsim_script.tcl}
Time resolution is 1 ps
source xsim.dir/tb_sim/xsim_script.tcl
########################################################## xsim {tb_sim} -autoloadwcfg -tclbatch {xsim.dir/tb_sim/xsim_script.tcl}
Time resolution is 1 ps
source xsim.dir/tb_sim/xsim_script.tcl
########################################################### xsim {tb_sim} -autoloadwcfg -tclbatch {xsim.dir/tb_sim/xsim_script.tcl}
Time resolution is 1 ps
source xsim.dir/tb_sim/xsim_script.tcl
############################################################ xsim {tb_sim} -autoloadwcfg -tclbatch {xsim.dir/tb_sim/xsim_script.tcl}
Time resolution is 1 ps
source xsim.dir/tb_sim/xsim_script.tcl
############################################################# xsim {tb_sim} -autoloadwcfg -tclbatch {xsim.dir/tb_sim/xsim_script.tcl}
Time resolution is 1 ps
source xsim.dir/tb_sim/xsim_script.tcl
############################################################## xsim {tb_sim} -autoloadwcfg -tclbatch {xsim.dir/tb_sim/xsim_script.tcl}
Time resolution is 1 ps
source xsim.dir/tb_sim/xsim_script.tcl
############################################################### xsim {tb_sim} -autoloadwcfg -tclbatch {xsim.dir/tb_sim/xsim_script.tcl}
Time resolution is 1 ps
source xsim.dir/tb_sim/xsim_script.tcl
################################################################ xsim {tb_sim} -autoloadwcfg -tclbatch {xsim.dir/tb_sim/xsim_script.tcl}
Time resolution is 1 ps
source xsim.dir/tb_sim/xsim_script.tcl
################################################################# xsim {tb_sim} -autoloadwcfg -tclbatch {xsim.dir/tb_sim/xsim_script.tcl}
Time resolution is 1 ps
source xsim.dir/tb_sim/xsim_script.tcl
################################################################## xsim {tb_sim} -autoloadwcfg -tclbatch {xsim.dir/tb_sim/xsim_script.tcl}
Time resolution is 1 ps
source xsim.dir/tb_sim/xsim_script.tcl
################################################################### xsim {tb_sim} -autoloadwcfg -tclbatch {xsim.dir/tb_sim/xsim_script.tcl}
Time resolution is 1 ps
source xsim.dir/tb_sim/xsim_script.tcl
#################################################################### xsim {tb_sim} -autoloadwcfg -tclbatch {xsim.dir/tb_sim/xsim_script.tcl}
Time resolution is 1 ps
source xsim.dir/tb_sim/xsim_script.tcl
##################################################################### xsim {tb_sim} -autoloadwcfg -tclbatch {xsim.dir/tb_sim/xsim_script.tcl}
Time resolution is 1 ps
source xsim.dir/tb_sim/xsim_script.tcl
###################################################################### xsim {tb_sim} -autoloadwcfg -tclbatch {xsim.dir/tb_sim/xsim_script.tcl}
Time resolution is 1 ps
source xsim.dir/tb_sim/xsim_script.tcl
####################################################################### xsim {tb_sim} -autoloadwcfg -tclbatch {xsim.dir/tb_sim/xsim_script.tcl}
Time resolution is 1 ps
source xsim.dir/tb_sim/xsim_script.tcl
######################################################################## xsim {tb_sim} -autoloadwcfg -tclbatch {xsim.dir/tb_sim/xsim_script.tcl}
Time resolution is 1 ps
source xsim.dir/tb_sim/xsim_script.tcl
######################################################################### xsim {tb_sim} -autoloadwcfg -tclbatch {xsim.dir/tb_sim/xsim_script.tcl}
Time resolution is 1 ps
source xsim.dir/tb_sim/xsim_script.tcl
########################################################################## xsim {tb_sim} -autoloadwcfg -tclbatch {xsim.dir/tb_sim/xsim_script.tcl}
Time resolution is 1 ps
source xsim.dir/tb_sim/xsim_script.tcl
########################################################################### xsim {tb_sim} -autoloadwcfg -tclbatch {xsim.dir/tb_sim/xsim_script.tcl}
Time resolution is 1 ps
source xsim.dir/tb_sim/xsim_script.tcl
############################################################################ xsim {tb_sim} -autoloadwcfg -tclbatch {xsim.dir/tb_sim/xsim_script.tcl}
Time resolution is 1 ps
source xsim.dir/tb_sim/xsim_script.tcl
############################################################################# xsim {tb_sim} -autoloadwcfg -tclbatch {xsim.dir/tb_sim/xsim_script.tcl}
Time resolution is 1 ps
source xsim.dir/tb_sim/xsim_script.tcl
############################################################################## xsim {tb_sim} -autoloadwcfg -tclbatch {xsim.dir/tb_sim/xsim_script.tcl}
INFO: [Common 17-41] Interrupt caught. Command should exit soon.
Time resolution is 1 ps
source xsim.dir/tb_sim/xsim_script.tcl
xsim: Time (s): cpu = 00:00:00 ; elapsed = 00:00:05 . Memory (MB): peak = 189.352 ; gain = 0.000
xsim: Time (s): cpu = 00:00:00 ; elapsed = 00:00:06 . Memory (MB): peak = 189.352 ; gain = 0.000
xsim: Time (s): cpu = 00:00:00 ; elapsed = 00:00:07 . Memory (MB): peak = 189.352 ; gain = 0.000
xsim: Time (s): cpu = 00:00:00 ; elapsed = 00:00:08 . Memory (MB): peak = 189.352 ; gain = 0.000
xsim: Time (s): cpu = 00:00:00 ; elapsed = 00:00:09 . Memory (MB): peak = 189.352 ; gain = 0.000
xsim: Time (s): cpu = 00:00:00 ; elapsed = 00:00:10 . Memory (MB): peak = 189.352 ; gain = 0.000
xsim: Time (s): cpu = 00:00:00 ; elapsed = 00:00:11 . Memory (MB): peak = 189.352 ; gain = 0.000
xsim: Time (s): cpu = 00:00:00 ; elapsed = 00:00:12 . Memory (MB): peak = 189.352 ; gain = 0.000
xsim: Time (s): cpu = 00:00:00 ; elapsed = 00:00:13 . Memory (MB): peak = 189.352 ; gain = 0.000
xsim: Time (s): cpu = 00:00:00 ; elapsed = 00:00:14 . Memory (MB): peak = 189.352 ; gain = 0.000
xsim: Time (s): cpu = 00:00:00 ; elapsed = 00:00:15 . Memory (MB): peak = 189.352 ; gain = 0.000
xsim: Time (s): cpu = 00:00:00 ; elapsed = 00:00:16 . Memory (MB): peak = 189.352 ; gain = 0.000
xsim: Time (s): cpu = 00:00:00 ; elapsed = 00:00:18 . Memory (MB): peak = 189.352 ; gain = 0.000
xsim: Time (s): cpu = 00:00:00 ; elapsed = 00:00:19 . Memory (MB): peak = 189.352 ; gain = 0.000
xsim: Time (s): cpu = 00:00:00 ; elapsed = 00:00:20 . Memory (MB): peak = 189.352 ; gain = 0.000
xsim: Time (s): cpu = 00:00:00 ; elapsed = 00:00:21 . Memory (MB): peak = 189.352 ; gain = 0.000
xsim: Time (s): cpu = 00:00:00 ; elapsed = 00:00:22 . Memory (MB): peak = 189.352 ; gain = 0.000
xsim: Time (s): cpu = 00:00:00 ; elapsed = 00:00:23 . Memory (MB): peak = 189.352 ; gain = 0.000
xsim: Time (s): cpu = 00:00:00 ; elapsed = 00:00:24 . Memory (MB): peak = 189.352 ; gain = 0.000
xsim: Time (s): cpu = 00:00:00 ; elapsed = 00:00:25 . Memory (MB): peak = 189.352 ; gain = 0.000
xsim: Time (s): cpu = 00:00:00 ; elapsed = 00:00:26 . Memory (MB): peak = 189.352 ; gain = 0.000
xsim: Time (s): cpu = 00:00:00 ; elapsed = 00:00:27 . Memory (MB): peak = 189.352 ; gain = 0.000
xsim: Time (s): cpu = 00:00:00 ; elapsed = 00:00:28 . Memory (MB): peak = 189.352 ; gain = 0.000
xsim: Time (s): cpu = 00:00:00 ; elapsed = 00:00:29 . Memory (MB): peak = 189.352 ; gain = 0.000
xsim: Time (s): cpu = 00:00:00 ; elapsed = 00:00:30 . Memory (MB): peak = 189.352 ; gain = 0.000
xsim: Time (s): cpu = 00:00:00 ; elapsed = 00:00:31 . Memory (MB): peak = 189.352 ; gain = 0.000
xsim: Time (s): cpu = 00:00:00 ; elapsed = 00:00:32 . Memory (MB): peak = 189.352 ; gain = 0.000
xsim: Time (s): cpu = 00:00:00 ; elapsed = 00:00:33 . Memory (MB): peak = 189.352 ; gain = 0.000
xsim: Time (s): cpu = 00:00:00 ; elapsed = 00:00:34 . Memory (MB): peak = 189.352 ; gain = 0.000
xsim: Time (s): cpu = 00:00:00 ; elapsed = 00:00:35 . Memory (MB): peak = 189.352 ; gain = 0.000
xsim: Time (s): cpu = 00:00:00 ; elapsed = 00:00:36 . Memory (MB): peak = 189.352 ; gain = 0.000
xsim: Time (s): cpu = 00:00:00 ; elapsed = 00:00:37 . Memory (MB): peak = 189.352 ; gain = 0.000
xsim: Time (s): cpu = 00:00:00 ; elapsed = 00:00:38 . Memory (MB): peak = 189.352 ; gain = 0.000
xsim: Time (s): cpu = 00:00:00 ; elapsed = 00:00:39 . Memory (MB): peak = 189.352 ; gain = 0.000
xsim: Time (s): cpu = 00:00:00 ; elapsed = 00:00:40 . Memory (MB): peak = 189.352 ; gain = 0.000
xsim: Time (s): cpu = 00:00:00 ; elapsed = 00:00:41 . Memory (MB): peak = 189.352 ; gain = 0.000
xsim: Time (s): cpu = 00:00:00 ; elapsed = 00:00:42 . Memory (MB): peak = 189.352 ; gain = 0.000
xsim: Time (s): cpu = 00:00:00 ; elapsed = 00:00:43 . Memory (MB): peak = 189.352 ; gain = 0.000
xsim: Time (s): cpu = 00:00:00 ; elapsed = 00:00:44 . Memory (MB): peak = 189.352 ; gain = 0.000
xsim: Time (s): cpu = 00:00:00 ; elapsed = 00:00:45 . Memory (MB): peak = 189.352 ; gain = 0.000
xsim: Time (s): cpu = 00:00:00 ; elapsed = 00:00:46 . Memory (MB): peak = 189.352 ; gain = 0.000
xsim: Time (s): cpu = 00:00:00 ; elapsed = 00:00:47 . Memory (MB): peak = 189.352 ; gain = 0.000
xsim: Time (s): cpu = 00:00:00 ; elapsed = 00:00:48 . Memory (MB): peak = 189.352 ; gain = 0.000
xsim: Time (s): cpu = 00:00:00 ; elapsed = 00:00:49 . Memory (MB): peak = 189.352 ; gain = 0.000
xsim: Time (s): cpu = 00:00:00 ; elapsed = 00:00:51 . Memory (MB): peak = 189.352 ; gain = 0.000
xsim: Time (s): cpu = 00:00:00 ; elapsed = 00:00:52 . Memory (MB): peak = 189.352 ; gain = 0.000
xsim: Time (s): cpu = 00:00:00 ; elapsed = 00:00:53 . Memory (MB): peak = 189.352 ; gain = 0.000
xsim: Time (s): cpu = 00:00:00 ; elapsed = 00:00:54 . Memory (MB): peak = 189.352 ; gain = 0.000
xsim: Time (s): cpu = 00:00:00 ; elapsed = 00:00:55 . Memory (MB): peak = 189.352 ; gain = 0.000
xsim: Time (s): cpu = 00:00:00 ; elapsed = 00:00:56 . Memory (MB): peak = 189.352 ; gain = 0.000
xsim: Time (s): cpu = 00:00:00 ; elapsed = 00:00:57 . Memory (MB): peak = 189.352 ; gain = 0.000
xsim: Time (s): cpu = 00:00:00 ; elapsed = 00:00:58 . Memory (MB): peak = 189.352 ; gain = 0.000
xsim: Time (s): cpu = 00:00:00 ; elapsed = 00:00:59 . Memory (MB): peak = 189.352 ; gain = 0.000
xsim: Time (s): cpu = 00:00:00 ; elapsed = 00:01:00 . Memory (MB): peak = 189.352 ; gain = 0.000
xsim: Time (s): cpu = 00:00:00 ; elapsed = 00:01:01 . Memory (MB): peak = 189.352 ; gain = 0.000
xsim: Time (s): cpu = 00:00:00 ; elapsed = 00:01:02 . Memory (MB): peak = 189.352 ; gain = 0.000
xsim: Time (s): cpu = 00:00:00 ; elapsed = 00:01:03 . Memory (MB): peak = 189.352 ; gain = 0.000
xsim: Time (s): cpu = 00:00:00 ; elapsed = 00:01:04 . Memory (MB): peak = 189.352 ; gain = 0.000
xsim: Time (s): cpu = 00:00:00 ; elapsed = 00:01:05 . Memory (MB): peak = 189.352 ; gain = 0.000
xsim: Time (s): cpu = 00:00:00 ; elapsed = 00:01:06 . Memory (MB): peak = 189.352 ; gain = 0.000
xsim: Time (s): cpu = 00:00:00 ; elapsed = 00:01:07 . Memory (MB): peak = 189.352 ; gain = 0.000
xsim: Time (s): cpu = 00:00:00 ; elapsed = 00:01:08 . Memory (MB): peak = 189.352 ; gain = 0.000
xsim: Time (s): cpu = 00:00:00 ; elapsed = 00:01:09 . Memory (MB): peak = 189.352 ; gain = 0.000
xsim: Time (s): cpu = 00:00:00 ; elapsed = 00:01:10 . Memory (MB): peak = 189.352 ; gain = 0.000
xsim: Time (s): cpu = 00:00:00 ; elapsed = 00:01:11 . Memory (MB): peak = 189.352 ; gain = 0.000
xsim: Time (s): cpu = 00:00:00 ; elapsed = 00:01:12 . Memory (MB): peak = 189.352 ; gain = 0.000
xsim: Time (s): cpu = 00:00:00 ; elapsed = 00:01:13 . Memory (MB): peak = 189.352 ; gain = 0.000
xsim: Time (s): cpu = 00:00:00 ; elapsed = 00:01:14 . Memory (MB): peak = 189.352 ; gain = 0.000
xsim: Time (s): cpu = 00:00:00 ; elapsed = 00:01:15 . Memory (MB): peak = 189.352 ; gain = 0.000
xsim: Time (s): cpu = 00:00:00 ; elapsed = 00:01:16 . Memory (MB): peak = 189.352 ; gain = 0.000
xsim: Time (s): cpu = 00:00:00 ; elapsed = 00:01:17 . Memory (MB): peak = 189.352 ; gain = 0.000
xsim: Time (s): cpu = 00:00:00 ; elapsed = 00:01:18 . Memory (MB): peak = 189.352 ; gain = 0.000
xsim: Time (s): cpu = 00:00:00 ; elapsed = 00:01:19 . Memory (MB): peak = 189.352 ; gain = 0.000
xsim: Time (s): cpu = 00:00:00 ; elapsed = 00:01:20 . Memory (MB): peak = 189.352 ; gain = 24.078
INFO: [Common 17-344] 'source' was cancelled
xsim% xsim% xsim% 