#! /usr/bin/vvp
:ivl_version "11.0 (stable)";
:ivl_delay_selection "TYPICAL";
:vpi_time_precision - 12;
:vpi_module "/usr/lib/x86_64-linux-gnu/ivl/system.vpi";
:vpi_module "/usr/lib/x86_64-linux-gnu/ivl/vhdl_sys.vpi";
:vpi_module "/usr/lib/x86_64-linux-gnu/ivl/vhdl_textio.vpi";
:vpi_module "/usr/lib/x86_64-linux-gnu/ivl/v2005_math.vpi";
:vpi_module "/usr/lib/x86_64-linux-gnu/ivl/va_math.vpi";
S_0x55cc8206b160 .scope module, "top" "top" 2 3;
 .timescale -9 -12;
    .port_info 0 /INPUT 1 "rst_n";
    .port_info 1 /INPUT 1 "clk";
L_0x55cc82095940 .functor BUFZ 32, v0x55cc820895e0_0, C4<00000000000000000000000000000000>, C4<00000000000000000000000000000000>, C4<00000000000000000000000000000000>;
L_0x55cc820a8380 .functor AND 1, L_0x55cc820a7ef0, L_0x55cc820a8290, C4<1>, C4<1>;
L_0x55cc820a97d0 .functor BUFZ 32, L_0x55cc820a9530, C4<00000000000000000000000000000000>, C4<00000000000000000000000000000000>, C4<00000000000000000000000000000000>;
L_0x55cc820a9b80 .functor BUFZ 32, v0x55cc820896c0_0, C4<00000000000000000000000000000000>, C4<00000000000000000000000000000000>, C4<00000000000000000000000000000000>;
v0x55cc8208fad0_0 .net "EX_ALUOp", 1 0, L_0x55cc82097020;  1 drivers
v0x55cc8208fbd0_0 .net "EX_ALUSrc", 0 0, L_0x55cc820971e0;  1 drivers
v0x55cc8208fc90_0 .net "EX_ALU_result", 31 0, v0x55cc8208e930_0;  1 drivers
v0x55cc8208fd90_0 .net "EX_Branch", 0 0, L_0x55cc820976a0;  1 drivers
v0x55cc8208fe60_0 .net "EX_Jump", 0 0, L_0x55cc82097560;  1 drivers
v0x55cc8208ff50_0 .var "EX_MEM", 140 0;
v0x55cc82090010_0 .net "EX_MemRead", 0 0, L_0x55cc820973b0;  1 drivers
v0x55cc820900d0_0 .net "EX_MemWrite", 0 0, L_0x55cc82097600;  1 drivers
v0x55cc82090190_0 .net "EX_RegSrc", 1 0, L_0x55cc82097140;  1 drivers
v0x55cc82090270_0 .net "EX_RegWrite", 0 0, L_0x55cc82097310;  1 drivers
v0x55cc82090330_0 .net "EX_branch_taken", 0 0, v0x55cc8208f550_0;  1 drivers
v0x55cc820903d0_0 .net "EX_carry", 0 0, v0x55cc8208ea30_0;  1 drivers
v0x55cc82090470_0 .net "EX_eximm", 31 0, L_0x55cc820979f0;  1 drivers
v0x55cc82090530_0 .net "EX_field", 3 0, L_0x55cc82096f30;  1 drivers
v0x55cc820905f0_0 .net "EX_funct3", 2 0, L_0x55cc82096dd0;  1 drivers
v0x55cc820906c0_0 .net "EX_op1", 31 0, L_0x55cc820a84c0;  1 drivers
v0x55cc82090790_0 .net "EX_op2", 31 0, L_0x55cc820a87a0;  1 drivers
v0x55cc82090970_0 .net "EX_overflow", 0 0, v0x55cc8208edc0_0;  1 drivers
v0x55cc82090a60_0 .net "EX_pc", 31 0, L_0x55cc82096d30;  1 drivers
v0x55cc82090b20_0 .net "EX_pc_eximm", 31 0, L_0x55cc820a8930;  1 drivers
v0x55cc82090c00_0 .net "EX_rd", 4 0, L_0x55cc82097b60;  1 drivers
v0x55cc82090ce0_0 .net "EX_rs1_data", 31 0, L_0x55cc820977f0;  1 drivers
v0x55cc82090dc0_0 .net "EX_rs2_data", 31 0, L_0x55cc82097950;  1 drivers
v0x55cc82090ea0_0 .net "EX_sign", 0 0, v0x55cc8208ee80_0;  1 drivers
v0x55cc82090f90_0 .net "EX_zero", 0 0, v0x55cc8208ef40_0;  1 drivers
v0x55cc82091080_0 .net "ID_ALUOp", 1 0, v0x55cc8208a890_0;  1 drivers
v0x55cc82091190_0 .net "ID_ALUSrc", 0 0, v0x55cc8208a990_0;  1 drivers
v0x55cc82091230_0 .net "ID_Branch", 0 0, v0x55cc8208aa50_0;  1 drivers
v0x55cc820912d0_0 .var "ID_EX", 149 0;
v0x55cc82091370_0 .net "ID_Jump", 0 0, v0x55cc8208aaf0_0;  1 drivers
v0x55cc82091410_0 .net "ID_MemRead", 0 0, v0x55cc8208abb0_0;  1 drivers
v0x55cc820914b0_0 .net "ID_MemWrite", 0 0, v0x55cc8208acc0_0;  1 drivers
v0x55cc82091580_0 .net "ID_PC", 0 0, L_0x55cc82095a00;  1 drivers
v0x55cc82091830_0 .net "ID_RegSrc", 1 0, v0x55cc8208ad80_0;  1 drivers
v0x55cc82091900_0 .net "ID_RegWrite", 0 0, v0x55cc8208ae60_0;  1 drivers
v0x55cc820919d0_0 .net "ID_eximm", 31 0, v0x55cc8208ce50_0;  1 drivers
v0x55cc82091aa0_0 .net "ID_field", 3 0, v0x55cc8208dab0_0;  1 drivers
v0x55cc82091b70_0 .net "ID_funct3", 14 12, L_0x55cc82095e70;  1 drivers
v0x55cc82091c40_0 .net "ID_funct7", 31 25, L_0x55cc82096180;  1 drivers
v0x55cc82091d10_0 .net "ID_instruction", 31 0, L_0x55cc82095ad0;  1 drivers
v0x55cc82091de0_0 .net "ID_opcode", 6 0, L_0x55cc82095cb0;  1 drivers
o0x7fd46fbb28a8 .functor BUFZ 32, C4<zzzzzzzzzzzzzzzzzzzzzzzzzzzzzzzz>; HiZ drive
v0x55cc82091eb0_0 .net "ID_pc", 31 0, o0x7fd46fbb28a8;  0 drivers
v0x55cc82091f50_0 .net "ID_rd", 11 7, L_0x55cc82095dd0;  1 drivers
v0x55cc82092010_0 .net "ID_rs1", 19 15, L_0x55cc82095f50;  1 drivers
v0x55cc82092100_0 .net "ID_rs1_data", 31 0, L_0x55cc82096450;  1 drivers
v0x55cc820921d0_0 .net "ID_rs2", 24 20, L_0x55cc82096040;  1 drivers
v0x55cc820922a0_0 .net "ID_rs2_data", 31 0, L_0x55cc82096770;  1 drivers
v0x55cc82092370_0 .var "IF_ID", 63 0;
v0x55cc82092430_0 .net "IF_instruction", 31 0, L_0x55cc82095940;  1 drivers
v0x55cc82092510_0 .var "IF_pc", 31 0;
v0x55cc820925f0_0 .net "MEM_ALU_result", 31 0, L_0x55cc820a9530;  1 drivers
v0x55cc820926d0_0 .var "MEM_DMEM_result", 31 0;
v0x55cc820927b0_0 .var "MEM_DMEM_shifted_word", 31 0;
v0x55cc82092890_0 .net "MEM_DMEM_word", 31 0, L_0x55cc820a9b80;  1 drivers
v0x55cc82092970_0 .net "MEM_MemRead", 0 0, L_0x55cc820a90c0;  1 drivers
v0x55cc82092a30_0 .net "MEM_MemWrite", 0 0, L_0x55cc820a92a0;  1 drivers
v0x55cc82092af0_0 .net "MEM_RegSrc", 1 0, L_0x55cc820a8ef0;  1 drivers
v0x55cc82092bd0_0 .net "MEM_RegWrite", 0 0, L_0x55cc820a8d30;  1 drivers
v0x55cc82092c90_0 .var "MEM_WB", 135 0;
v0x55cc82092d70_0 .net "MEM_byte_offset", 1 0, L_0x55cc820a9920;  1 drivers
v0x55cc82092e50_0 .net "MEM_funct3", 2 0, L_0x55cc820a8e50;  1 drivers
v0x55cc82092f30_0 .net "MEM_pc", 31 0, L_0x55cc820a8ba0;  1 drivers
v0x55cc82093010_0 .net "MEM_pc_eximm", 31 0, L_0x55cc820a8c40;  1 drivers
v0x55cc820930f0_0 .net "MEM_rd", 4 0, L_0x55cc820a95d0;  1 drivers
v0x55cc820931d0_0 .net "MEM_rs2_data", 31 0, L_0x55cc820a9340;  1 drivers
v0x55cc820936c0_0 .net "WB_ALU_result", 31 0, L_0x55cc820aa2d0;  1 drivers
v0x55cc820937a0_0 .net "WB_DMEM_result", 31 0, L_0x55cc820aa370;  1 drivers
v0x55cc82093880_0 .net "WB_RegSrc", 1 0, L_0x55cc820a9fb0;  1 drivers
v0x55cc82093960_0 .net "WB_RegWrite", 0 0, L_0x55cc820aa050;  1 drivers
v0x55cc82093a30_0 .net "WB_pc", 31 0, L_0x55cc820a9c40;  1 drivers
v0x55cc82093af0_0 .net "WB_pc_eximm", 31 0, L_0x55cc820a9d10;  1 drivers
v0x55cc82093bd0_0 .net "WB_rd", 4 0, L_0x55cc820aa5e0;  1 drivers
v0x55cc82093cc0_0 .var "WB_rd_write_data", 31 0;
v0x55cc82093d90_0 .net *"_ivl_40", 149 0, v0x55cc820912d0_0;  1 drivers
v0x55cc82093e50_0 .net *"_ivl_41", 31 0, L_0x55cc82097c60;  1 drivers
L_0x7fd46fb68180 .functor BUFT 1, C4<000000000000000000000000000000>, C4<0>, C4<0>, C4<0>;
v0x55cc82093f30_0 .net *"_ivl_44", 29 0, L_0x7fd46fb68180;  1 drivers
L_0x7fd46fb681c8 .functor BUFT 1, C4<00000000000000000000000000000001>, C4<0>, C4<0>, C4<0>;
v0x55cc82094010_0 .net/2u *"_ivl_45", 31 0, L_0x7fd46fb681c8;  1 drivers
v0x55cc820940f0_0 .net *"_ivl_47", 0 0, L_0x55cc820a7ef0;  1 drivers
v0x55cc820941b0_0 .net *"_ivl_49", 31 0, L_0x55cc820a8060;  1 drivers
L_0x7fd46fb68210 .functor BUFT 1, C4<0000000000000000000000000000000>, C4<0>, C4<0>, C4<0>;
v0x55cc82094290_0 .net *"_ivl_52", 30 0, L_0x7fd46fb68210;  1 drivers
L_0x7fd46fb68258 .functor BUFT 1, C4<00000000000000000000000000000001>, C4<0>, C4<0>, C4<0>;
v0x55cc82094370_0 .net/2u *"_ivl_53", 31 0, L_0x7fd46fb68258;  1 drivers
v0x55cc82094450_0 .net *"_ivl_55", 0 0, L_0x55cc820a8290;  1 drivers
v0x55cc82094510_0 .net *"_ivl_58", 0 0, L_0x55cc820a8380;  1 drivers
L_0x7fd46fb682a0 .functor BUFT 1, C4<00000000000000000000000000000000>, C4<0>, C4<0>, C4<0>;
v0x55cc820945d0_0 .net/2u *"_ivl_59", 31 0, L_0x7fd46fb682a0;  1 drivers
v0x55cc820946b0_0 .net *"_ivl_79", 140 0, v0x55cc8208ff50_0;  1 drivers
v0x55cc82094790_0 .net *"_ivl_8", 32 0, L_0x55cc82095c10;  1 drivers
L_0x7fd46fb682e8 .functor BUFT 1, C4<00000000000000000000000000000100>, C4<0>, C4<0>, C4<0>;
v0x55cc82094870_0 .net/2u *"_ivl_82", 31 0, L_0x7fd46fb682e8;  1 drivers
v0x55cc82094950_0 .net *"_ivl_84", 31 0, L_0x55cc820a9880;  1 drivers
v0x55cc82094a30_0 .net *"_ivl_99", 135 0, v0x55cc82092c90_0;  1 drivers
v0x55cc82094b10_0 .net "addra", 31 0, v0x55cc82092510_0;  1 drivers
v0x55cc82094c00_0 .net "addrb", 31 0, L_0x55cc820a97d0;  1 drivers
o0x7fd46fbb1138 .functor BUFZ 1, C4<z>; HiZ drive
v0x55cc82094cd0_0 .net "clk", 0 0, o0x7fd46fbb1138;  0 drivers
v0x55cc82094dc0_0 .var "dia", 31 0;
v0x55cc82094e60_0 .var "dib", 31 0;
v0x55cc82094f30_0 .net "doa", 31 0, v0x55cc820895e0_0;  1 drivers
v0x55cc82095000_0 .net "dob", 31 0, v0x55cc820896c0_0;  1 drivers
v0x55cc820950d0_0 .var "next_pc", 31 0;
o0x7fd46fbb3088 .functor BUFZ 1, C4<z>; HiZ drive
v0x55cc82095190_0 .net "rst_n", 0 0, o0x7fd46fbb3088;  0 drivers
v0x55cc82095250_0 .var "wea", 3 0;
v0x55cc82095340_0 .var "web", 3 0;
E_0x55cc8201f200/0 .event edge, v0x55cc82093880_0, v0x55cc820936c0_0, v0x55cc820937a0_0, v0x55cc82093af0_0;
E_0x55cc8201f200/1 .event edge, v0x55cc82093a30_0;
E_0x55cc8201f200 .event/or E_0x55cc8201f200/0, E_0x55cc8201f200/1;
E_0x55cc8201efb0/0 .event edge, v0x55cc82092890_0, v0x55cc82092d70_0, v0x55cc82092a30_0, v0x55cc82092e50_0;
E_0x55cc8201efb0/1 .event edge, v0x55cc820931d0_0, v0x55cc82092970_0, v0x55cc820927b0_0;
E_0x55cc8201efb0 .event/or E_0x55cc8201efb0/0, E_0x55cc8201efb0/1;
E_0x55cc8204c600/0 .event edge, v0x55cc8208f470_0, v0x55cc8208f550_0, v0x55cc82092510_0, v0x55cc82090470_0;
E_0x55cc8204c600/1 .event edge, v0x55cc8208fe60_0, v0x55cc8208fbd0_0, v0x55cc82090ce0_0;
E_0x55cc8204c600 .event/or E_0x55cc8204c600/0, E_0x55cc8204c600/1;
E_0x55cc820687d0/0 .event negedge, v0x55cc82095190_0;
E_0x55cc820687d0/1 .event posedge, v0x55cc82089360_0;
E_0x55cc820687d0 .event/or E_0x55cc820687d0/0, E_0x55cc820687d0/1;
L_0x55cc82095a00 .part L_0x55cc82095c10, 32, 1;
L_0x55cc82095ad0 .part L_0x55cc82095c10, 0, 32;
L_0x55cc82095c10 .part v0x55cc82092370_0, 0, 33;
L_0x55cc82095cb0 .part L_0x55cc82095ad0, 0, 7;
L_0x55cc82095dd0 .part L_0x55cc82095ad0, 7, 5;
L_0x55cc82095e70 .part L_0x55cc82095ad0, 12, 3;
L_0x55cc82095f50 .part L_0x55cc82095ad0, 15, 5;
L_0x55cc82096040 .part L_0x55cc82095ad0, 20, 5;
L_0x55cc82096180 .part L_0x55cc82095ad0, 25, 7;
L_0x55cc82096c30 .part L_0x55cc82095cb0, 5, 1;
L_0x55cc82096d30 .part v0x55cc820912d0_0, 118, 32;
L_0x55cc82096dd0 .part v0x55cc820912d0_0, 115, 3;
L_0x55cc82096f30 .part v0x55cc820912d0_0, 111, 4;
L_0x55cc82097020 .part v0x55cc820912d0_0, 109, 2;
L_0x55cc82097140 .part v0x55cc820912d0_0, 107, 2;
L_0x55cc820971e0 .part v0x55cc820912d0_0, 106, 1;
L_0x55cc82097310 .part v0x55cc820912d0_0, 105, 1;
L_0x55cc820973b0 .part v0x55cc820912d0_0, 104, 1;
L_0x55cc82097600 .part v0x55cc820912d0_0, 103, 1;
L_0x55cc820976a0 .part v0x55cc820912d0_0, 102, 1;
L_0x55cc82097560 .part v0x55cc820912d0_0, 101, 1;
L_0x55cc820977f0 .part v0x55cc820912d0_0, 69, 32;
L_0x55cc82097950 .part v0x55cc820912d0_0, 37, 32;
L_0x55cc820979f0 .part v0x55cc820912d0_0, 5, 32;
L_0x55cc82097b60 .part v0x55cc820912d0_0, 0, 5;
L_0x55cc82097c60 .concat [ 2 30 0 0], L_0x55cc82097020, L_0x7fd46fb68180;
L_0x55cc820a7ef0 .cmp/eq 32, L_0x55cc82097c60, L_0x7fd46fb681c8;
L_0x55cc820a8060 .concat [ 1 31 0 0], L_0x55cc820971e0, L_0x7fd46fb68210;
L_0x55cc820a8290 .cmp/eq 32, L_0x55cc820a8060, L_0x7fd46fb68258;
L_0x55cc820a84c0 .functor MUXZ 32, L_0x55cc820977f0, L_0x7fd46fb682a0, L_0x55cc820a8380, C4<>;
L_0x55cc820a87a0 .functor MUXZ 32, L_0x55cc82097950, L_0x55cc820979f0, L_0x55cc820971e0, C4<>;
L_0x55cc820a8930 .arith/sum 32, L_0x55cc82096d30, L_0x55cc820979f0;
L_0x55cc820a8ba0 .part v0x55cc8208ff50_0, 109, 32;
L_0x55cc820a8c40 .part v0x55cc8208ff50_0, 77, 32;
L_0x55cc820a8e50 .part v0x55cc8208ff50_0, 74, 3;
L_0x55cc820a8ef0 .part v0x55cc8208ff50_0, 72, 2;
L_0x55cc820a8d30 .part v0x55cc8208ff50_0, 71, 1;
L_0x55cc820a90c0 .part v0x55cc8208ff50_0, 70, 1;
L_0x55cc820a92a0 .part v0x55cc8208ff50_0, 69, 1;
L_0x55cc820a9340 .part v0x55cc8208ff50_0, 37, 32;
L_0x55cc820a9530 .part v0x55cc8208ff50_0, 5, 32;
L_0x55cc820a95d0 .part v0x55cc8208ff50_0, 0, 5;
L_0x55cc820a9880 .arith/mod 32, L_0x55cc820a97d0, L_0x7fd46fb682e8;
L_0x55cc820a9920 .part L_0x55cc820a9880, 0, 2;
L_0x55cc820a9c40 .part v0x55cc82092c90_0, 104, 32;
L_0x55cc820a9d10 .part v0x55cc82092c90_0, 72, 32;
L_0x55cc820a9fb0 .part v0x55cc82092c90_0, 70, 2;
L_0x55cc820aa050 .part v0x55cc82092c90_0, 69, 1;
L_0x55cc820aa2d0 .part v0x55cc82092c90_0, 37, 32;
L_0x55cc820aa370 .part v0x55cc82092c90_0, 5, 32;
L_0x55cc820aa5e0 .part v0x55cc82092c90_0, 0, 5;
S_0x55cc82064370 .scope module, "INST1" "BRAM" 2 14, 3 3 0, S_0x55cc8206b160;
 .timescale -9 -12;
    .port_info 0 /INPUT 1 "clk";
    .port_info 1 /INPUT 4 "wea";
    .port_info 2 /INPUT 4 "web";
    .port_info 3 /INPUT 32 "addra";
    .port_info 4 /INPUT 32 "addrb";
    .port_info 5 /INPUT 32 "dia";
    .port_info 6 /INPUT 32 "dib";
    .port_info 7 /OUTPUT 32 "doa";
    .port_info 8 /OUTPUT 32 "dob";
P_0x55cc820506f0 .param/l "DMEM_END" 1 3 26, C4<00000000000000001000000000000000>;
P_0x55cc82050730 .param/l "DMEM_START" 1 3 25, C4<00000000000000000101000000000000>;
P_0x55cc82050770 .param/l "IMEM_END" 1 3 24, C4<00000000000000000101000000000000>;
P_0x55cc820507b0 .param/l "IMEM_START" 1 3 23, C4<00000000000000000000000000000000>;
L_0x7fd46fb68060 .functor BUFT 1, C4<00>, C4<0>, C4<0>, C4<0>;
v0x55cc82030830_0 .net *"_ivl_10", 1 0, L_0x7fd46fb68060;  1 drivers
v0x55cc8200b730_0 .net *"_ivl_2", 29 0, L_0x55cc82095450;  1 drivers
L_0x7fd46fb68018 .functor BUFT 1, C4<00>, C4<0>, C4<0>, C4<0>;
v0x55cc82058530_0 .net *"_ivl_4", 1 0, L_0x7fd46fb68018;  1 drivers
v0x55cc820890c0_0 .net *"_ivl_8", 29 0, L_0x55cc820956e0;  1 drivers
v0x55cc820891a0_0 .net "addra", 31 0, v0x55cc82092510_0;  alias, 1 drivers
v0x55cc82089280_0 .net "addrb", 31 0, L_0x55cc820a97d0;  alias, 1 drivers
v0x55cc82089360_0 .net "clk", 0 0, o0x7fd46fbb1138;  alias, 0 drivers
v0x55cc82089420_0 .net "dia", 31 0, v0x55cc82094dc0_0;  1 drivers
v0x55cc82089500_0 .net "dib", 31 0, v0x55cc82094e60_0;  1 drivers
v0x55cc820895e0_0 .var "doa", 31 0;
v0x55cc820896c0_0 .var "dob", 31 0;
v0x55cc820897a0_0 .var/i "i", 31 0;
v0x55cc82089880 .array "mem", 8191 0, 31 0;
v0x55cc82089940_0 .net "row_a", 31 0, L_0x55cc82095570;  1 drivers
v0x55cc82089a20_0 .net "row_b", 31 0, L_0x55cc820957d0;  1 drivers
v0x55cc82089b00_0 .net "wea", 3 0, v0x55cc82095250_0;  1 drivers
v0x55cc82089be0_0 .net "web", 3 0, v0x55cc82095340_0;  1 drivers
E_0x55cc8204d040 .event posedge, v0x55cc82089360_0;
L_0x55cc82095450 .part v0x55cc82092510_0, 2, 30;
L_0x55cc82095570 .concat [ 30 2 0 0], L_0x55cc82095450, L_0x7fd46fb68018;
L_0x55cc820956e0 .part L_0x55cc820a97d0, 2, 30;
L_0x55cc820957d0 .concat [ 30 2 0 0], L_0x55cc820956e0, L_0x7fd46fb68060;
S_0x55cc82089ef0 .scope module, "INST2" "ControlUnit" 2 70, 4 3 0, S_0x55cc8206b160;
 .timescale -9 -12;
    .port_info 0 /INPUT 7 "opcode";
    .port_info 1 /OUTPUT 2 "ALUOp";
    .port_info 2 /OUTPUT 2 "RegSrc";
    .port_info 3 /OUTPUT 1 "ALUSrc";
    .port_info 4 /OUTPUT 1 "RegWrite";
    .port_info 5 /OUTPUT 1 "MemRead";
    .port_info 6 /OUTPUT 1 "MemWrite";
    .port_info 7 /OUTPUT 1 "Branch";
    .port_info 8 /OUTPUT 1 "Jump";
P_0x55cc8208a0a0 .param/l "OP_B" 1 4 24, C4<1100011>;
P_0x55cc8208a0e0 .param/l "OP_I" 1 4 19, C4<0010011>;
P_0x55cc8208a120 .param/l "OP_I_FENCE" 1 4 21, C4<0001111>;
P_0x55cc8208a160 .param/l "OP_I_JALR" 1 4 22, C4<1100111>;
P_0x55cc8208a1a0 .param/l "OP_I_LD" 1 4 20, C4<0000011>;
P_0x55cc8208a1e0 .param/l "OP_J" 1 4 27, C4<1101111>;
P_0x55cc8208a220 .param/l "OP_R" 1 4 18, C4<0110011>;
P_0x55cc8208a260 .param/l "OP_S" 1 4 23, C4<0100011>;
P_0x55cc8208a2a0 .param/l "OP_U_AUIPC" 1 4 26, C4<0010111>;
P_0x55cc8208a2e0 .param/l "OP_U_LUI" 1 4 25, C4<0110111>;
v0x55cc8208a890_0 .var "ALUOp", 1 0;
v0x55cc8208a990_0 .var "ALUSrc", 0 0;
v0x55cc8208aa50_0 .var "Branch", 0 0;
v0x55cc8208aaf0_0 .var "Jump", 0 0;
v0x55cc8208abb0_0 .var "MemRead", 0 0;
v0x55cc8208acc0_0 .var "MemWrite", 0 0;
v0x55cc8208ad80_0 .var "RegSrc", 1 0;
v0x55cc8208ae60_0 .var "RegWrite", 0 0;
v0x55cc8208af20_0 .net "opcode", 6 0, L_0x55cc82095cb0;  alias, 1 drivers
E_0x55cc820512c0 .event edge, v0x55cc8208af20_0;
S_0x55cc8208b120 .scope module, "INST3" "RegFile" 2 82, 5 3 0, S_0x55cc8206b160;
 .timescale -9 -12;
    .port_info 0 /INPUT 1 "clk";
    .port_info 1 /INPUT 1 "RegWrite";
    .port_info 2 /INPUT 5 "rs1";
    .port_info 3 /INPUT 5 "rs2";
    .port_info 4 /INPUT 5 "rd";
    .port_info 5 /INPUT 32 "rd_write_data";
    .port_info 6 /OUTPUT 32 "rs1_data";
    .port_info 7 /OUTPUT 32 "rs2_data";
L_0x55cc82096450 .functor BUFZ 32, L_0x55cc82096270, C4<00000000000000000000000000000000>, C4<00000000000000000000000000000000>, C4<00000000000000000000000000000000>;
L_0x55cc82096770 .functor BUFZ 32, L_0x55cc82096560, C4<00000000000000000000000000000000>, C4<00000000000000000000000000000000>, C4<00000000000000000000000000000000>;
v0x55cc8208b3d0_0 .net "RegWrite", 0 0, L_0x55cc820aa050;  alias, 1 drivers
v0x55cc8208b490_0 .net *"_ivl_0", 31 0, L_0x55cc82096270;  1 drivers
v0x55cc8208b570_0 .net *"_ivl_10", 6 0, L_0x55cc82096600;  1 drivers
L_0x7fd46fb680f0 .functor BUFT 1, C4<00>, C4<0>, C4<0>, C4<0>;
v0x55cc8208b630_0 .net *"_ivl_13", 1 0, L_0x7fd46fb680f0;  1 drivers
v0x55cc8208b710_0 .net *"_ivl_16", 31 0, L_0x55cc82096880;  1 drivers
v0x55cc8208b840_0 .net *"_ivl_18", 6 0, L_0x55cc82096920;  1 drivers
v0x55cc8208b920_0 .net *"_ivl_2", 6 0, L_0x55cc82096310;  1 drivers
L_0x7fd46fb68138 .functor BUFT 1, C4<00>, C4<0>, C4<0>, C4<0>;
v0x55cc8208ba00_0 .net *"_ivl_21", 1 0, L_0x7fd46fb68138;  1 drivers
L_0x7fd46fb680a8 .functor BUFT 1, C4<00>, C4<0>, C4<0>, C4<0>;
v0x55cc8208bae0_0 .net *"_ivl_5", 1 0, L_0x7fd46fb680a8;  1 drivers
v0x55cc8208bbc0_0 .net *"_ivl_8", 31 0, L_0x55cc82096560;  1 drivers
v0x55cc8208bca0_0 .net "clk", 0 0, o0x7fd46fbb1138;  alias, 0 drivers
v0x55cc8208bd40_0 .net "rd", 4 0, L_0x55cc820aa5e0;  alias, 1 drivers
v0x55cc8208be00_0 .net "rd_data", 0 0, L_0x55cc82096b40;  1 drivers
v0x55cc8208bec0_0 .net "rd_write_data", 31 0, v0x55cc82093cc0_0;  1 drivers
v0x55cc8208bfa0 .array "reg_file", 0 31, 31 0;
v0x55cc8208c060_0 .net "rs1", 4 0, L_0x55cc82095f50;  alias, 1 drivers
v0x55cc8208c140_0 .net "rs1_data", 31 0, L_0x55cc82096450;  alias, 1 drivers
v0x55cc8208c330_0 .net "rs2", 4 0, L_0x55cc82096040;  alias, 1 drivers
v0x55cc8208c410_0 .net "rs2_data", 31 0, L_0x55cc82096770;  alias, 1 drivers
L_0x55cc82096270 .array/port v0x55cc8208bfa0, L_0x55cc82096310;
L_0x55cc82096310 .concat [ 5 2 0 0], L_0x55cc82095f50, L_0x7fd46fb680a8;
L_0x55cc82096560 .array/port v0x55cc8208bfa0, L_0x55cc82096600;
L_0x55cc82096600 .concat [ 5 2 0 0], L_0x55cc82096040, L_0x7fd46fb680f0;
L_0x55cc82096880 .array/port v0x55cc8208bfa0, L_0x55cc82096920;
L_0x55cc82096920 .concat [ 5 2 0 0], L_0x55cc820aa5e0, L_0x7fd46fb68138;
L_0x55cc82096b40 .part L_0x55cc82096880, 0, 1;
S_0x55cc8208c5f0 .scope module, "INST4" "ImmGen" 2 93, 6 3 0, S_0x55cc8206b160;
 .timescale -9 -12;
    .port_info 0 /INPUT 32 "instruction";
    .port_info 1 /OUTPUT 32 "eximm";
P_0x55cc8208c780 .param/l "OP_B" 1 6 23, C4<1100011>;
P_0x55cc8208c7c0 .param/l "OP_I" 1 6 18, C4<0010011>;
P_0x55cc8208c800 .param/l "OP_I_FENCE" 1 6 20, C4<0001111>;
P_0x55cc8208c840 .param/l "OP_I_JALR" 1 6 21, C4<1100111>;
P_0x55cc8208c880 .param/l "OP_I_LD" 1 6 19, C4<0000011>;
P_0x55cc8208c8c0 .param/l "OP_J" 1 6 26, C4<1101111>;
P_0x55cc8208c900 .param/l "OP_S" 1 6 22, C4<0100011>;
P_0x55cc8208c940 .param/l "OP_U_AUIPC" 1 6 25, C4<0010111>;
P_0x55cc8208c980 .param/l "OP_U_LUI" 1 6 24, C4<0110111>;
v0x55cc8208ce50_0 .var "eximm", 31 0;
v0x55cc8208cf50_0 .var "eximm1", 31 0;
v0x55cc8208d030_0 .var "eximm2", 31 0;
v0x55cc8208d0f0_0 .var "eximm3", 31 0;
v0x55cc8208d1d0_0 .var "eximm4", 31 0;
v0x55cc8208d300_0 .var "funct3", 2 0;
v0x55cc8208d3e0_0 .net "instruction", 31 0, L_0x55cc82095ad0;  alias, 1 drivers
v0x55cc8208d4c0_0 .var "intimm1", 11 0;
v0x55cc8208d5a0_0 .var "intimm2", 19 0;
v0x55cc8208d680_0 .var "opcode", 6 0;
E_0x55cc8201ed40/0 .event edge, v0x55cc8208d3e0_0, v0x55cc8208d680_0, v0x55cc8208d300_0, v0x55cc8208d4c0_0;
E_0x55cc8201ed40/1 .event edge, v0x55cc8208d5a0_0, v0x55cc8208d030_0, v0x55cc8208d0f0_0, v0x55cc8208d1d0_0;
E_0x55cc8201ed40/2 .event edge, v0x55cc8208cf50_0;
E_0x55cc8201ed40 .event/or E_0x55cc8201ed40/0, E_0x55cc8201ed40/1, E_0x55cc8201ed40/2;
S_0x55cc8208d7c0 .scope module, "INST5" "ALUControl" 2 98, 7 3 0, S_0x55cc8206b160;
 .timescale -9 -12;
    .port_info 0 /INPUT 7 "funct7";
    .port_info 1 /INPUT 3 "funct3";
    .port_info 2 /INPUT 2 "ALUOp";
    .port_info 3 /INPUT 1 "regbit";
    .port_info 4 /OUTPUT 4 "field";
v0x55cc8208d9d0_0 .net "ALUOp", 1 0, v0x55cc8208a890_0;  alias, 1 drivers
v0x55cc8208dab0_0 .var "field", 3 0;
v0x55cc8208db70_0 .net "funct3", 2 0, L_0x55cc82095e70;  alias, 1 drivers
v0x55cc8208dc60_0 .net "funct7", 6 0, L_0x55cc82096180;  alias, 1 drivers
v0x55cc8208dd40_0 .net "regbit", 0 0, L_0x55cc82096c30;  1 drivers
E_0x55cc81fe4d10 .event edge, v0x55cc8208a890_0, v0x55cc8208dd40_0, v0x55cc8208dc60_0, v0x55cc8208db70_0;
S_0x55cc8208def0 .scope module, "INST6" "ALU" 2 148, 8 3 0, S_0x55cc8206b160;
 .timescale -9 -12;
    .port_info 0 /INPUT 32 "op1";
    .port_info 1 /INPUT 32 "op2";
    .port_info 2 /INPUT 4 "field";
    .port_info 3 /OUTPUT 32 "ALU_result";
    .port_info 4 /OUTPUT 1 "zero";
    .port_info 5 /OUTPUT 1 "sign";
    .port_info 6 /OUTPUT 1 "overflow";
    .port_info 7 /OUTPUT 1 "carry";
P_0x55cc8208e0d0 .param/l "ADD" 1 8 11, C4<0000>;
P_0x55cc8208e110 .param/l "AND" 1 8 13, C4<0111>;
P_0x55cc8208e150 .param/l "OR" 1 8 14, C4<0110>;
P_0x55cc8208e190 .param/l "SLL" 1 8 16, C4<0001>;
P_0x55cc8208e1d0 .param/l "SLT" 1 8 19, C4<0010>;
P_0x55cc8208e210 .param/l "SLTU" 1 8 20, C4<0011>;
P_0x55cc8208e250 .param/l "SRA" 1 8 18, C4<1101>;
P_0x55cc8208e290 .param/l "SRL" 1 8 17, C4<0101>;
P_0x55cc8208e2d0 .param/l "SUB" 1 8 12, C4<1000>;
P_0x55cc8208e310 .param/l "XOR" 1 8 15, C4<0100>;
v0x55cc8208e930_0 .var "ALU_result", 31 0;
v0x55cc8208ea30_0 .var "carry", 0 0;
v0x55cc8208eaf0_0 .net "field", 3 0, L_0x55cc82096f30;  alias, 1 drivers
v0x55cc8208ebb0_0 .net "op1", 31 0, L_0x55cc820a84c0;  alias, 1 drivers
v0x55cc8208ec90_0 .net "op2", 31 0, L_0x55cc820a87a0;  alias, 1 drivers
v0x55cc8208edc0_0 .var "overflow", 0 0;
v0x55cc8208ee80_0 .var "sign", 0 0;
v0x55cc8208ef40_0 .var "zero", 0 0;
E_0x55cc82071800 .event edge, v0x55cc8208e930_0, v0x55cc8208ebb0_0, v0x55cc8208ec90_0, v0x55cc8208eaf0_0;
S_0x55cc8208f150 .scope module, "INST7" "BPU" 2 161, 9 3 0, S_0x55cc8206b160;
 .timescale -9 -12;
    .port_info 0 /INPUT 1 "Branch";
    .port_info 1 /INPUT 1 "zero";
    .port_info 2 /INPUT 1 "sign";
    .port_info 3 /INPUT 1 "overflow";
    .port_info 4 /INPUT 1 "carry";
    .port_info 5 /INPUT 3 "funct3";
    .port_info 6 /OUTPUT 1 "branch_taken";
v0x55cc8208f470_0 .net "Branch", 0 0, L_0x55cc820976a0;  alias, 1 drivers
v0x55cc8208f550_0 .var "branch_taken", 0 0;
v0x55cc8208f610_0 .net "carry", 0 0, v0x55cc8208ea30_0;  alias, 1 drivers
v0x55cc8208f6e0_0 .net "funct3", 2 0, L_0x55cc82096dd0;  alias, 1 drivers
v0x55cc8208f780_0 .net "overflow", 0 0, v0x55cc8208edc0_0;  alias, 1 drivers
v0x55cc8208f870_0 .net "sign", 0 0, v0x55cc8208ee80_0;  alias, 1 drivers
v0x55cc8208f940_0 .net "zero", 0 0, v0x55cc8208ef40_0;  alias, 1 drivers
E_0x55cc8208f3d0/0 .event edge, v0x55cc8208f470_0, v0x55cc8208f6e0_0, v0x55cc8208ef40_0, v0x55cc8208ee80_0;
E_0x55cc8208f3d0/1 .event edge, v0x55cc8208edc0_0, v0x55cc8208ea30_0;
E_0x55cc8208f3d0 .event/or E_0x55cc8208f3d0/0, E_0x55cc8208f3d0/1;
    .scope S_0x55cc82064370;
T_0 ;
    %pushi/vec4 0, 0, 32;
    %store/vec4 v0x55cc820897a0_0, 0, 32;
T_0.0 ;
    %load/vec4 v0x55cc820897a0_0;
    %cmpi/u 8192, 0, 32;
    %jmp/0xz T_0.1, 5;
    %load/vec4 v0x55cc820897a0_0;
    %ix/getv/s 4, v0x55cc820897a0_0;
    %store/vec4a v0x55cc82089880, 4, 0;
    %load/vec4 v0x55cc820897a0_0;
    %addi 1, 0, 32;
    %store/vec4 v0x55cc820897a0_0, 0, 32;
    %jmp T_0.0;
T_0.1 ;
    %end;
    .thread T_0;
    .scope S_0x55cc82064370;
T_1 ;
    %wait E_0x55cc8204d040;
    %pushi/vec4 0, 0, 32;
    %store/vec4 v0x55cc820897a0_0, 0, 32;
T_1.0 ;
    %load/vec4 v0x55cc820897a0_0;
    %cmpi/s 4, 0, 32;
    %jmp/0xz T_1.1, 5;
    %load/vec4 v0x55cc82089b00_0;
    %load/vec4 v0x55cc820897a0_0;
    %part/s 1;
    %flag_set/vec4 8;
    %jmp/0xz  T_1.2, 8;
    %load/vec4 v0x55cc82089420_0;
    %load/vec4 v0x55cc820897a0_0;
    %muli 8, 0, 32;
    %part/s 8;
    %ix/getv 4, v0x55cc82089940_0;
    %flag_mov 8, 4;
    %load/vec4 v0x55cc820897a0_0;
    %muli 8, 0, 32;
    %ix/vec4/s 5;
    %flag_or 8, 4;
    %ix/load 6, 0, 0; Constant delay
    %ix/mov 3, 4;
    %flag_mov 4, 8;
    %assign/vec4/a/d v0x55cc82089880, 5, 6;
T_1.2 ;
    %load/vec4 v0x55cc820897a0_0;
    %addi 1, 0, 32;
    %store/vec4 v0x55cc820897a0_0, 0, 32;
    %jmp T_1.0;
T_1.1 ;
    %ix/getv 4, v0x55cc82089940_0;
    %load/vec4a v0x55cc82089880, 4;
    %assign/vec4 v0x55cc820895e0_0, 0;
    %pushi/vec4 0, 0, 32;
    %store/vec4 v0x55cc820897a0_0, 0, 32;
T_1.4 ;
    %load/vec4 v0x55cc820897a0_0;
    %cmpi/s 4, 0, 32;
    %jmp/0xz T_1.5, 5;
    %load/vec4 v0x55cc82089be0_0;
    %load/vec4 v0x55cc820897a0_0;
    %part/s 1;
    %flag_set/vec4 8;
    %jmp/0xz  T_1.6, 8;
    %load/vec4 v0x55cc82089500_0;
    %load/vec4 v0x55cc820897a0_0;
    %muli 8, 0, 32;
    %part/s 8;
    %ix/getv 4, v0x55cc82089a20_0;
    %flag_mov 8, 4;
    %load/vec4 v0x55cc820897a0_0;
    %muli 8, 0, 32;
    %ix/vec4/s 5;
    %flag_or 8, 4;
    %ix/load 6, 0, 0; Constant delay
    %ix/mov 3, 4;
    %flag_mov 4, 8;
    %assign/vec4/a/d v0x55cc82089880, 5, 6;
T_1.6 ;
    %load/vec4 v0x55cc820897a0_0;
    %addi 1, 0, 32;
    %store/vec4 v0x55cc820897a0_0, 0, 32;
    %jmp T_1.4;
T_1.5 ;
    %ix/getv 4, v0x55cc82089a20_0;
    %load/vec4a v0x55cc82089880, 4;
    %assign/vec4 v0x55cc820896c0_0, 0;
    %jmp T_1;
    .thread T_1;
    .scope S_0x55cc82089ef0;
T_2 ;
    %wait E_0x55cc820512c0;
    %pushi/vec4 0, 0, 2;
    %store/vec4 v0x55cc8208a890_0, 0, 2;
    %pushi/vec4 0, 0, 2;
    %store/vec4 v0x55cc8208ad80_0, 0, 2;
    %pushi/vec4 0, 0, 1;
    %store/vec4 v0x55cc8208a990_0, 0, 1;
    %pushi/vec4 1, 0, 1;
    %store/vec4 v0x55cc8208ae60_0, 0, 1;
    %pushi/vec4 0, 0, 1;
    %store/vec4 v0x55cc8208abb0_0, 0, 1;
    %pushi/vec4 0, 0, 1;
    %store/vec4 v0x55cc8208acc0_0, 0, 1;
    %pushi/vec4 0, 0, 1;
    %store/vec4 v0x55cc8208aa50_0, 0, 1;
    %pushi/vec4 0, 0, 1;
    %store/vec4 v0x55cc8208aaf0_0, 0, 1;
    %load/vec4 v0x55cc8208af20_0;
    %dup/vec4;
    %pushi/vec4 19, 0, 7;
    %cmp/u;
    %jmp/1 T_2.0, 6;
    %dup/vec4;
    %pushi/vec4 3, 0, 7;
    %cmp/u;
    %jmp/1 T_2.1, 6;
    %dup/vec4;
    %pushi/vec4 103, 0, 7;
    %cmp/u;
    %jmp/1 T_2.2, 6;
    %dup/vec4;
    %pushi/vec4 15, 0, 7;
    %cmp/u;
    %jmp/1 T_2.3, 6;
    %dup/vec4;
    %pushi/vec4 35, 0, 7;
    %cmp/u;
    %jmp/1 T_2.4, 6;
    %dup/vec4;
    %pushi/vec4 55, 0, 7;
    %cmp/u;
    %jmp/1 T_2.5, 6;
    %dup/vec4;
    %pushi/vec4 23, 0, 7;
    %cmp/u;
    %jmp/1 T_2.6, 6;
    %dup/vec4;
    %pushi/vec4 111, 0, 7;
    %cmp/u;
    %jmp/1 T_2.7, 6;
    %dup/vec4;
    %pushi/vec4 99, 0, 7;
    %cmp/u;
    %jmp/1 T_2.8, 6;
    %jmp T_2.9;
T_2.0 ;
    %pushi/vec4 1, 0, 1;
    %store/vec4 v0x55cc8208a990_0, 0, 1;
    %jmp T_2.9;
T_2.1 ;
    %pushi/vec4 1, 0, 2;
    %store/vec4 v0x55cc8208a890_0, 0, 2;
    %pushi/vec4 1, 0, 1;
    %store/vec4 v0x55cc8208a990_0, 0, 1;
    %pushi/vec4 1, 0, 1;
    %store/vec4 v0x55cc8208abb0_0, 0, 1;
    %pushi/vec4 1, 0, 2;
    %store/vec4 v0x55cc8208ad80_0, 0, 2;
    %jmp T_2.9;
T_2.2 ;
    %pushi/vec4 3, 0, 2;
    %store/vec4 v0x55cc8208ad80_0, 0, 2;
    %pushi/vec4 1, 0, 1;
    %store/vec4 v0x55cc8208a990_0, 0, 1;
    %pushi/vec4 1, 0, 1;
    %store/vec4 v0x55cc8208aaf0_0, 0, 1;
    %jmp T_2.9;
T_2.3 ;
    %pushi/vec4 0, 0, 1;
    %store/vec4 v0x55cc8208ae60_0, 0, 1;
    %jmp T_2.9;
T_2.4 ;
    %pushi/vec4 1, 0, 2;
    %store/vec4 v0x55cc8208a890_0, 0, 2;
    %pushi/vec4 1, 0, 1;
    %store/vec4 v0x55cc8208a990_0, 0, 1;
    %pushi/vec4 0, 0, 1;
    %store/vec4 v0x55cc8208ae60_0, 0, 1;
    %pushi/vec4 1, 0, 1;
    %store/vec4 v0x55cc8208acc0_0, 0, 1;
    %jmp T_2.9;
T_2.5 ;
    %pushi/vec4 1, 0, 2;
    %store/vec4 v0x55cc8208a890_0, 0, 2;
    %pushi/vec4 1, 0, 1;
    %store/vec4 v0x55cc8208a990_0, 0, 1;
    %jmp T_2.9;
T_2.6 ;
    %pushi/vec4 2, 0, 2;
    %store/vec4 v0x55cc8208ad80_0, 0, 2;
    %jmp T_2.9;
T_2.7 ;
    %pushi/vec4 3, 0, 2;
    %store/vec4 v0x55cc8208ad80_0, 0, 2;
    %pushi/vec4 1, 0, 1;
    %store/vec4 v0x55cc8208aaf0_0, 0, 1;
    %jmp T_2.9;
T_2.8 ;
    %pushi/vec4 2, 0, 2;
    %store/vec4 v0x55cc8208a890_0, 0, 2;
    %pushi/vec4 0, 0, 1;
    %store/vec4 v0x55cc8208ae60_0, 0, 1;
    %pushi/vec4 1, 0, 1;
    %store/vec4 v0x55cc8208aa50_0, 0, 1;
    %jmp T_2.9;
T_2.9 ;
    %pop/vec4 1;
    %jmp T_2;
    .thread T_2, $push;
    .scope S_0x55cc8208b120;
T_3 ;
    %wait E_0x55cc8204d040;
    %pushi/vec4 0, 0, 32;
    %load/vec4 v0x55cc8208bd40_0;
    %pad/u 32;
    %cmp/u;
    %flag_get/vec4 5;
    %load/vec4 v0x55cc8208b3d0_0;
    %and;
    %flag_set/vec4 8;
    %jmp/0xz  T_3.0, 8;
    %load/vec4 v0x55cc8208bec0_0;
    %load/vec4 v0x55cc8208bd40_0;
    %pad/u 7;
    %ix/vec4 3;
    %ix/load 4, 0, 0; Constant delay
    %assign/vec4/a/d v0x55cc8208bfa0, 0, 4;
T_3.0 ;
    %jmp T_3;
    .thread T_3;
    .scope S_0x55cc8208c5f0;
T_4 ;
    %wait E_0x55cc8201ed40;
    %load/vec4 v0x55cc8208d3e0_0;
    %parti/s 7, 0, 2;
    %store/vec4 v0x55cc8208d680_0, 0, 7;
    %load/vec4 v0x55cc8208d3e0_0;
    %parti/s 3, 12, 5;
    %store/vec4 v0x55cc8208d300_0, 0, 3;
    %load/vec4 v0x55cc8208d680_0;
    %dup/vec4;
    %pushi/vec4 19, 0, 7;
    %cmp/u;
    %jmp/1 T_4.0, 6;
    %dup/vec4;
    %pushi/vec4 3, 0, 7;
    %cmp/u;
    %jmp/1 T_4.1, 6;
    %dup/vec4;
    %pushi/vec4 15, 0, 7;
    %cmp/u;
    %jmp/1 T_4.2, 6;
    %dup/vec4;
    %pushi/vec4 103, 0, 7;
    %cmp/u;
    %jmp/1 T_4.3, 6;
    %dup/vec4;
    %pushi/vec4 35, 0, 7;
    %cmp/u;
    %jmp/1 T_4.4, 6;
    %dup/vec4;
    %pushi/vec4 99, 0, 7;
    %cmp/u;
    %jmp/1 T_4.5, 6;
    %dup/vec4;
    %pushi/vec4 55, 0, 7;
    %cmp/u;
    %jmp/1 T_4.6, 6;
    %dup/vec4;
    %pushi/vec4 23, 0, 7;
    %cmp/u;
    %jmp/1 T_4.7, 6;
    %dup/vec4;
    %pushi/vec4 111, 0, 7;
    %cmp/u;
    %jmp/1 T_4.8, 6;
    %pushi/vec4 0, 0, 12;
    %store/vec4 v0x55cc8208d4c0_0, 0, 12;
    %pushi/vec4 0, 0, 20;
    %store/vec4 v0x55cc8208d5a0_0, 0, 20;
    %jmp T_4.10;
T_4.0 ;
    %load/vec4 v0x55cc8208d680_0;
    %pushi/vec4 19, 0, 7;
    %cmp/e;
    %flag_get/vec4 4;
    %load/vec4 v0x55cc8208d300_0;
    %pushi/vec4 1, 0, 3;
    %cmp/e;
    %flag_get/vec4 4;
    %load/vec4 v0x55cc8208d300_0;
    %pushi/vec4 5, 0, 3;
    %cmp/e;
    %flag_get/vec4 4;
    %or;
    %and;
    %flag_set/vec4 8;
    %jmp/0 T_4.11, 8;
    %pushi/vec4 0, 0, 7;
    %load/vec4 v0x55cc8208d3e0_0;
    %parti/s 5, 20, 6;
    %concat/vec4; draw_concat_vec4
    %jmp/1 T_4.12, 8;
T_4.11 ; End of true expr.
    %load/vec4 v0x55cc8208d3e0_0;
    %parti/s 12, 20, 6;
    %jmp/0 T_4.12, 8;
 ; End of false expr.
    %blend;
T_4.12;
    %store/vec4 v0x55cc8208d4c0_0, 0, 12;
    %pushi/vec4 0, 0, 20;
    %store/vec4 v0x55cc8208d5a0_0, 0, 20;
    %jmp T_4.10;
T_4.1 ;
    %load/vec4 v0x55cc8208d680_0;
    %pushi/vec4 19, 0, 7;
    %cmp/e;
    %flag_get/vec4 4;
    %load/vec4 v0x55cc8208d300_0;
    %pushi/vec4 1, 0, 3;
    %cmp/e;
    %flag_get/vec4 4;
    %load/vec4 v0x55cc8208d300_0;
    %pushi/vec4 5, 0, 3;
    %cmp/e;
    %flag_get/vec4 4;
    %or;
    %and;
    %flag_set/vec4 8;
    %jmp/0 T_4.13, 8;
    %pushi/vec4 0, 0, 7;
    %load/vec4 v0x55cc8208d3e0_0;
    %parti/s 5, 20, 6;
    %concat/vec4; draw_concat_vec4
    %jmp/1 T_4.14, 8;
T_4.13 ; End of true expr.
    %load/vec4 v0x55cc8208d3e0_0;
    %parti/s 12, 20, 6;
    %jmp/0 T_4.14, 8;
 ; End of false expr.
    %blend;
T_4.14;
    %store/vec4 v0x55cc8208d4c0_0, 0, 12;
    %pushi/vec4 0, 0, 20;
    %store/vec4 v0x55cc8208d5a0_0, 0, 20;
    %jmp T_4.10;
T_4.2 ;
    %load/vec4 v0x55cc8208d680_0;
    %pushi/vec4 19, 0, 7;
    %cmp/e;
    %flag_get/vec4 4;
    %load/vec4 v0x55cc8208d300_0;
    %pushi/vec4 1, 0, 3;
    %cmp/e;
    %flag_get/vec4 4;
    %load/vec4 v0x55cc8208d300_0;
    %pushi/vec4 5, 0, 3;
    %cmp/e;
    %flag_get/vec4 4;
    %or;
    %and;
    %flag_set/vec4 8;
    %jmp/0 T_4.15, 8;
    %pushi/vec4 0, 0, 7;
    %load/vec4 v0x55cc8208d3e0_0;
    %parti/s 5, 20, 6;
    %concat/vec4; draw_concat_vec4
    %jmp/1 T_4.16, 8;
T_4.15 ; End of true expr.
    %load/vec4 v0x55cc8208d3e0_0;
    %parti/s 12, 20, 6;
    %jmp/0 T_4.16, 8;
 ; End of false expr.
    %blend;
T_4.16;
    %store/vec4 v0x55cc8208d4c0_0, 0, 12;
    %pushi/vec4 0, 0, 20;
    %store/vec4 v0x55cc8208d5a0_0, 0, 20;
    %jmp T_4.10;
T_4.3 ;
    %load/vec4 v0x55cc8208d680_0;
    %pushi/vec4 19, 0, 7;
    %cmp/e;
    %flag_get/vec4 4;
    %load/vec4 v0x55cc8208d300_0;
    %pushi/vec4 1, 0, 3;
    %cmp/e;
    %flag_get/vec4 4;
    %load/vec4 v0x55cc8208d300_0;
    %pushi/vec4 5, 0, 3;
    %cmp/e;
    %flag_get/vec4 4;
    %or;
    %and;
    %flag_set/vec4 8;
    %jmp/0 T_4.17, 8;
    %pushi/vec4 0, 0, 7;
    %load/vec4 v0x55cc8208d3e0_0;
    %parti/s 5, 20, 6;
    %concat/vec4; draw_concat_vec4
    %jmp/1 T_4.18, 8;
T_4.17 ; End of true expr.
    %load/vec4 v0x55cc8208d3e0_0;
    %parti/s 12, 20, 6;
    %jmp/0 T_4.18, 8;
 ; End of false expr.
    %blend;
T_4.18;
    %store/vec4 v0x55cc8208d4c0_0, 0, 12;
    %pushi/vec4 0, 0, 20;
    %store/vec4 v0x55cc8208d5a0_0, 0, 20;
    %jmp T_4.10;
T_4.4 ;
    %load/vec4 v0x55cc8208d3e0_0;
    %parti/s 7, 25, 6;
    %load/vec4 v0x55cc8208d3e0_0;
    %parti/s 5, 7, 4;
    %concat/vec4; draw_concat_vec4
    %store/vec4 v0x55cc8208d4c0_0, 0, 12;
    %pushi/vec4 0, 0, 20;
    %store/vec4 v0x55cc8208d5a0_0, 0, 20;
    %jmp T_4.10;
T_4.5 ;
    %load/vec4 v0x55cc8208d3e0_0;
    %parti/s 1, 31, 6;
    %load/vec4 v0x55cc8208d3e0_0;
    %parti/s 1, 7, 4;
    %concat/vec4; draw_concat_vec4
    %load/vec4 v0x55cc8208d3e0_0;
    %parti/s 6, 25, 6;
    %concat/vec4; draw_concat_vec4
    %load/vec4 v0x55cc8208d3e0_0;
    %parti/s 4, 8, 5;
    %concat/vec4; draw_concat_vec4
    %store/vec4 v0x55cc8208d4c0_0, 0, 12;
    %pushi/vec4 0, 0, 20;
    %store/vec4 v0x55cc8208d5a0_0, 0, 20;
    %jmp T_4.10;
T_4.6 ;
    %pushi/vec4 0, 0, 12;
    %store/vec4 v0x55cc8208d4c0_0, 0, 12;
    %load/vec4 v0x55cc8208d3e0_0;
    %parti/s 20, 12, 5;
    %store/vec4 v0x55cc8208d5a0_0, 0, 20;
    %jmp T_4.10;
T_4.7 ;
    %pushi/vec4 0, 0, 12;
    %store/vec4 v0x55cc8208d4c0_0, 0, 12;
    %load/vec4 v0x55cc8208d3e0_0;
    %parti/s 20, 12, 5;
    %store/vec4 v0x55cc8208d5a0_0, 0, 20;
    %jmp T_4.10;
T_4.8 ;
    %pushi/vec4 0, 0, 12;
    %store/vec4 v0x55cc8208d4c0_0, 0, 12;
    %load/vec4 v0x55cc8208d3e0_0;
    %parti/s 1, 31, 6;
    %load/vec4 v0x55cc8208d3e0_0;
    %parti/s 8, 12, 5;
    %concat/vec4; draw_concat_vec4
    %load/vec4 v0x55cc8208d3e0_0;
    %parti/s 1, 20, 6;
    %concat/vec4; draw_concat_vec4
    %load/vec4 v0x55cc8208d3e0_0;
    %parti/s 10, 21, 6;
    %concat/vec4; draw_concat_vec4
    %store/vec4 v0x55cc8208d5a0_0, 0, 20;
    %jmp T_4.10;
T_4.10 ;
    %pop/vec4 1;
    %load/vec4 v0x55cc8208d4c0_0;
    %parti/s 1, 11, 5;
    %replicate 20;
    %load/vec4 v0x55cc8208d4c0_0;
    %concat/vec4; draw_concat_vec4
    %store/vec4 v0x55cc8208cf50_0, 0, 32;
    %load/vec4 v0x55cc8208d5a0_0;
    %parti/s 1, 19, 6;
    %replicate 11;
    %load/vec4 v0x55cc8208d5a0_0;
    %concat/vec4; draw_concat_vec4
    %concati/vec4 0, 0, 1;
    %store/vec4 v0x55cc8208d030_0, 0, 32;
    %load/vec4 v0x55cc8208d5a0_0;
    %concati/vec4 0, 0, 12;
    %store/vec4 v0x55cc8208d0f0_0, 0, 32;
    %load/vec4 v0x55cc8208d4c0_0;
    %parti/s 1, 11, 5;
    %replicate 19;
    %load/vec4 v0x55cc8208d4c0_0;
    %concat/vec4; draw_concat_vec4
    %concati/vec4 0, 0, 1;
    %store/vec4 v0x55cc8208d1d0_0, 0, 32;
    %load/vec4 v0x55cc8208d680_0;
    %dup/vec4;
    %pushi/vec4 111, 0, 7;
    %cmp/u;
    %jmp/1 T_4.19, 6;
    %dup/vec4;
    %pushi/vec4 55, 0, 7;
    %cmp/u;
    %jmp/1 T_4.20, 6;
    %dup/vec4;
    %pushi/vec4 23, 0, 7;
    %cmp/u;
    %jmp/1 T_4.21, 6;
    %dup/vec4;
    %pushi/vec4 99, 0, 7;
    %cmp/u;
    %jmp/1 T_4.22, 6;
    %load/vec4 v0x55cc8208cf50_0;
    %store/vec4 v0x55cc8208ce50_0, 0, 32;
    %jmp T_4.24;
T_4.19 ;
    %load/vec4 v0x55cc8208d030_0;
    %store/vec4 v0x55cc8208ce50_0, 0, 32;
    %jmp T_4.24;
T_4.20 ;
    %load/vec4 v0x55cc8208d0f0_0;
    %store/vec4 v0x55cc8208ce50_0, 0, 32;
    %jmp T_4.24;
T_4.21 ;
    %load/vec4 v0x55cc8208d0f0_0;
    %store/vec4 v0x55cc8208ce50_0, 0, 32;
    %jmp T_4.24;
T_4.22 ;
    %load/vec4 v0x55cc8208d1d0_0;
    %store/vec4 v0x55cc8208ce50_0, 0, 32;
    %jmp T_4.24;
T_4.24 ;
    %pop/vec4 1;
    %jmp T_4;
    .thread T_4, $push;
    .scope S_0x55cc8208d7c0;
T_5 ;
    %wait E_0x55cc81fe4d10;
    %load/vec4 v0x55cc8208d9d0_0;
    %dup/vec4;
    %pushi/vec4 0, 0, 2;
    %cmp/u;
    %jmp/1 T_5.0, 6;
    %dup/vec4;
    %pushi/vec4 1, 0, 2;
    %cmp/u;
    %jmp/1 T_5.1, 6;
    %dup/vec4;
    %pushi/vec4 2, 0, 2;
    %cmp/u;
    %jmp/1 T_5.2, 6;
    %jmp T_5.3;
T_5.0 ;
    %load/vec4 v0x55cc8208dd40_0;
    %flag_set/vec4 8;
    %jmp/0xz  T_5.4, 8;
    %load/vec4 v0x55cc8208dc60_0;
    %parti/s 1, 5, 4;
    %load/vec4 v0x55cc8208db70_0;
    %concat/vec4; draw_concat_vec4
    %store/vec4 v0x55cc8208dab0_0, 0, 4;
    %jmp T_5.5;
T_5.4 ;
    %load/vec4 v0x55cc8208db70_0;
    %cmpi/e 1, 0, 3;
    %flag_mov 8, 4;
    %load/vec4 v0x55cc8208db70_0;
    %cmpi/e 5, 0, 3;
    %flag_or 4, 8;
    %jmp/0xz  T_5.6, 4;
    %load/vec4 v0x55cc8208dc60_0;
    %parti/s 1, 5, 4;
    %load/vec4 v0x55cc8208db70_0;
    %concat/vec4; draw_concat_vec4
    %store/vec4 v0x55cc8208dab0_0, 0, 4;
    %jmp T_5.7;
T_5.6 ;
    %pushi/vec4 0, 0, 1;
    %load/vec4 v0x55cc8208db70_0;
    %concat/vec4; draw_concat_vec4
    %store/vec4 v0x55cc8208dab0_0, 0, 4;
T_5.7 ;
T_5.5 ;
    %jmp T_5.3;
T_5.1 ;
    %pushi/vec4 0, 0, 4;
    %store/vec4 v0x55cc8208dab0_0, 0, 4;
    %jmp T_5.3;
T_5.2 ;
    %pushi/vec4 8, 0, 4;
    %store/vec4 v0x55cc8208dab0_0, 0, 4;
    %jmp T_5.3;
T_5.3 ;
    %pop/vec4 1;
    %jmp T_5;
    .thread T_5, $push;
    .scope S_0x55cc8208def0;
T_6 ;
    %wait E_0x55cc82071800;
    %load/vec4 v0x55cc8208e930_0;
    %pushi/vec4 0, 0, 32;
    %cmp/e;
    %flag_get/vec4 4;
    %store/vec4 v0x55cc8208ef40_0, 0, 1;
    %load/vec4 v0x55cc8208e930_0;
    %cmpi/s 0, 0, 32;
    %flag_get/vec4 5;
    %store/vec4 v0x55cc8208ee80_0, 0, 1;
    %load/vec4 v0x55cc8208ebb0_0;
    %parti/s 1, 31, 6;
    %load/vec4 v0x55cc8208ec90_0;
    %parti/s 1, 31, 6;
    %cmp/ne;
    %flag_get/vec4 4;
    %load/vec4 v0x55cc8208e930_0;
    %parti/s 1, 31, 6;
    %load/vec4 v0x55cc8208ebb0_0;
    %parti/s 1, 31, 6;
    %cmp/ne;
    %flag_get/vec4 4;
    %and;
    %store/vec4 v0x55cc8208edc0_0, 0, 1;
    %load/vec4 v0x55cc8208eaf0_0;
    %dup/vec4;
    %pushi/vec4 0, 0, 4;
    %cmp/u;
    %jmp/1 T_6.0, 6;
    %dup/vec4;
    %pushi/vec4 8, 0, 4;
    %cmp/u;
    %jmp/1 T_6.1, 6;
    %dup/vec4;
    %pushi/vec4 7, 0, 4;
    %cmp/u;
    %jmp/1 T_6.2, 6;
    %dup/vec4;
    %pushi/vec4 6, 0, 4;
    %cmp/u;
    %jmp/1 T_6.3, 6;
    %dup/vec4;
    %pushi/vec4 4, 0, 4;
    %cmp/u;
    %jmp/1 T_6.4, 6;
    %dup/vec4;
    %pushi/vec4 1, 0, 4;
    %cmp/u;
    %jmp/1 T_6.5, 6;
    %dup/vec4;
    %pushi/vec4 5, 0, 4;
    %cmp/u;
    %jmp/1 T_6.6, 6;
    %dup/vec4;
    %pushi/vec4 13, 0, 4;
    %cmp/u;
    %jmp/1 T_6.7, 6;
    %dup/vec4;
    %pushi/vec4 2, 0, 4;
    %cmp/u;
    %jmp/1 T_6.8, 6;
    %dup/vec4;
    %pushi/vec4 3, 0, 4;
    %cmp/u;
    %jmp/1 T_6.9, 6;
    %jmp T_6.10;
T_6.0 ;
    %load/vec4 v0x55cc8208ebb0_0;
    %pad/u 33;
    %load/vec4 v0x55cc8208ec90_0;
    %pad/u 33;
    %add;
    %split/vec4 32;
    %store/vec4 v0x55cc8208e930_0, 0, 32;
    %store/vec4 v0x55cc8208ea30_0, 0, 1;
    %jmp T_6.10;
T_6.1 ;
    %load/vec4 v0x55cc8208ebb0_0;
    %pad/u 33;
    %load/vec4 v0x55cc8208ec90_0;
    %pad/u 33;
    %sub;
    %split/vec4 32;
    %store/vec4 v0x55cc8208e930_0, 0, 32;
    %store/vec4 v0x55cc8208ea30_0, 0, 1;
    %jmp T_6.10;
T_6.2 ;
    %load/vec4 v0x55cc8208ebb0_0;
    %load/vec4 v0x55cc8208ec90_0;
    %and;
    %store/vec4 v0x55cc8208e930_0, 0, 32;
    %jmp T_6.10;
T_6.3 ;
    %load/vec4 v0x55cc8208ebb0_0;
    %load/vec4 v0x55cc8208ec90_0;
    %or;
    %store/vec4 v0x55cc8208e930_0, 0, 32;
    %jmp T_6.10;
T_6.4 ;
    %load/vec4 v0x55cc8208ebb0_0;
    %load/vec4 v0x55cc8208ec90_0;
    %xor;
    %store/vec4 v0x55cc8208e930_0, 0, 32;
    %jmp T_6.10;
T_6.5 ;
    %load/vec4 v0x55cc8208ebb0_0;
    %load/vec4 v0x55cc8208ec90_0;
    %parti/s 5, 0, 2;
    %ix/vec4 4;
    %shiftl 4;
    %store/vec4 v0x55cc8208e930_0, 0, 32;
    %jmp T_6.10;
T_6.6 ;
    %load/vec4 v0x55cc8208ebb0_0;
    %load/vec4 v0x55cc8208ec90_0;
    %parti/s 5, 0, 2;
    %ix/vec4 4;
    %shiftr 4;
    %store/vec4 v0x55cc8208e930_0, 0, 32;
    %jmp T_6.10;
T_6.7 ;
    %load/vec4 v0x55cc8208ebb0_0;
    %load/vec4 v0x55cc8208ec90_0;
    %parti/s 5, 0, 2;
    %ix/vec4 4;
    %shiftr/s 4;
    %store/vec4 v0x55cc8208e930_0, 0, 32;
    %jmp T_6.10;
T_6.8 ;
    %pushi/vec4 0, 0, 31;
    %load/vec4 v0x55cc8208ebb0_0;
    %load/vec4 v0x55cc8208ec90_0;
    %cmp/s;
    %flag_get/vec4 5;
    %concat/vec4; draw_concat_vec4
    %store/vec4 v0x55cc8208e930_0, 0, 32;
    %jmp T_6.10;
T_6.9 ;
    %pushi/vec4 0, 0, 31;
    %load/vec4 v0x55cc8208ebb0_0;
    %load/vec4 v0x55cc8208ec90_0;
    %cmp/u;
    %flag_get/vec4 5;
    %concat/vec4; draw_concat_vec4
    %store/vec4 v0x55cc8208e930_0, 0, 32;
    %jmp T_6.10;
T_6.10 ;
    %pop/vec4 1;
    %jmp T_6;
    .thread T_6, $push;
    .scope S_0x55cc8208f150;
T_7 ;
    %wait E_0x55cc8208f3d0;
    %load/vec4 v0x55cc8208f470_0;
    %flag_set/vec4 8;
    %jmp/0xz  T_7.0, 8;
    %load/vec4 v0x55cc8208f6e0_0;
    %dup/vec4;
    %pushi/vec4 0, 0, 3;
    %cmp/u;
    %jmp/1 T_7.2, 6;
    %dup/vec4;
    %pushi/vec4 1, 0, 3;
    %cmp/u;
    %jmp/1 T_7.3, 6;
    %dup/vec4;
    %pushi/vec4 4, 0, 3;
    %cmp/u;
    %jmp/1 T_7.4, 6;
    %dup/vec4;
    %pushi/vec4 5, 0, 3;
    %cmp/u;
    %jmp/1 T_7.5, 6;
    %dup/vec4;
    %pushi/vec4 6, 0, 3;
    %cmp/u;
    %jmp/1 T_7.6, 6;
    %dup/vec4;
    %pushi/vec4 7, 0, 3;
    %cmp/u;
    %jmp/1 T_7.7, 6;
    %jmp T_7.8;
T_7.2 ;
    %load/vec4 v0x55cc8208f940_0;
    %store/vec4 v0x55cc8208f550_0, 0, 1;
    %jmp T_7.8;
T_7.3 ;
    %load/vec4 v0x55cc8208f940_0;
    %inv;
    %store/vec4 v0x55cc8208f550_0, 0, 1;
    %jmp T_7.8;
T_7.4 ;
    %load/vec4 v0x55cc8208f870_0;
    %load/vec4 v0x55cc8208f780_0;
    %xor;
    %store/vec4 v0x55cc8208f550_0, 0, 1;
    %jmp T_7.8;
T_7.5 ;
    %load/vec4 v0x55cc8208f870_0;
    %load/vec4 v0x55cc8208f780_0;
    %xor;
    %inv;
    %store/vec4 v0x55cc8208f550_0, 0, 1;
    %jmp T_7.8;
T_7.6 ;
    %load/vec4 v0x55cc8208f610_0;
    %store/vec4 v0x55cc8208f550_0, 0, 1;
    %jmp T_7.8;
T_7.7 ;
    %load/vec4 v0x55cc8208f610_0;
    %inv;
    %store/vec4 v0x55cc8208f550_0, 0, 1;
    %jmp T_7.8;
T_7.8 ;
    %pop/vec4 1;
T_7.0 ;
    %jmp T_7;
    .thread T_7, $push;
    .scope S_0x55cc8206b160;
T_8 ;
    %wait E_0x55cc820687d0;
    %load/vec4 v0x55cc82095190_0;
    %nor/r;
    %flag_set/vec4 8;
    %jmp/0xz  T_8.0, 8;
    %pushi/vec4 0, 0, 32;
    %assign/vec4 v0x55cc82092510_0, 0;
    %jmp T_8.1;
T_8.0 ;
    %load/vec4 v0x55cc820950d0_0;
    %assign/vec4 v0x55cc82092510_0, 0;
    %load/vec4 v0x55cc82092510_0;
    %load/vec4 v0x55cc82092430_0;
    %concat/vec4; draw_concat_vec4
    %assign/vec4 v0x55cc82092370_0, 0;
    %load/vec4 v0x55cc82091eb0_0;
    %load/vec4 v0x55cc82091b70_0;
    %concat/vec4; draw_concat_vec4
    %load/vec4 v0x55cc82091aa0_0;
    %concat/vec4; draw_concat_vec4
    %load/vec4 v0x55cc82091080_0;
    %concat/vec4; draw_concat_vec4
    %load/vec4 v0x55cc82091830_0;
    %concat/vec4; draw_concat_vec4
    %load/vec4 v0x55cc82091190_0;
    %concat/vec4; draw_concat_vec4
    %load/vec4 v0x55cc82091900_0;
    %concat/vec4; draw_concat_vec4
    %load/vec4 v0x55cc82091410_0;
    %concat/vec4; draw_concat_vec4
    %load/vec4 v0x55cc820914b0_0;
    %concat/vec4; draw_concat_vec4
    %load/vec4 v0x55cc82091230_0;
    %concat/vec4; draw_concat_vec4
    %load/vec4 v0x55cc82091370_0;
    %concat/vec4; draw_concat_vec4
    %load/vec4 v0x55cc82092100_0;
    %concat/vec4; draw_concat_vec4
    %load/vec4 v0x55cc820922a0_0;
    %concat/vec4; draw_concat_vec4
    %load/vec4 v0x55cc820919d0_0;
    %concat/vec4; draw_concat_vec4
    %load/vec4 v0x55cc82091f50_0;
    %concat/vec4; draw_concat_vec4
    %assign/vec4 v0x55cc820912d0_0, 0;
    %load/vec4 v0x55cc82090a60_0;
    %load/vec4 v0x55cc82090b20_0;
    %concat/vec4; draw_concat_vec4
    %load/vec4 v0x55cc820905f0_0;
    %concat/vec4; draw_concat_vec4
    %load/vec4 v0x55cc82090190_0;
    %concat/vec4; draw_concat_vec4
    %load/vec4 v0x55cc82090270_0;
    %concat/vec4; draw_concat_vec4
    %load/vec4 v0x55cc82090010_0;
    %concat/vec4; draw_concat_vec4
    %load/vec4 v0x55cc820900d0_0;
    %concat/vec4; draw_concat_vec4
    %load/vec4 v0x55cc82090dc0_0;
    %concat/vec4; draw_concat_vec4
    %load/vec4 v0x55cc8208fc90_0;
    %concat/vec4; draw_concat_vec4
    %load/vec4 v0x55cc82090c00_0;
    %concat/vec4; draw_concat_vec4
    %assign/vec4 v0x55cc8208ff50_0, 0;
    %load/vec4 v0x55cc82092f30_0;
    %load/vec4 v0x55cc82093010_0;
    %concat/vec4; draw_concat_vec4
    %load/vec4 v0x55cc82092af0_0;
    %concat/vec4; draw_concat_vec4
    %load/vec4 v0x55cc82092bd0_0;
    %concat/vec4; draw_concat_vec4
    %load/vec4 v0x55cc820925f0_0;
    %concat/vec4; draw_concat_vec4
    %load/vec4 v0x55cc820926d0_0;
    %concat/vec4; draw_concat_vec4
    %load/vec4 v0x55cc820930f0_0;
    %concat/vec4; draw_concat_vec4
    %assign/vec4 v0x55cc82092c90_0, 0;
T_8.1 ;
    %jmp T_8;
    .thread T_8;
    .scope S_0x55cc8206b160;
T_9 ;
    %wait E_0x55cc8204c600;
    %load/vec4 v0x55cc8208fd90_0;
    %load/vec4 v0x55cc82090330_0;
    %and;
    %flag_set/vec4 8;
    %jmp/0xz  T_9.0, 8;
    %load/vec4 v0x55cc82092510_0;
    %load/vec4 v0x55cc82090470_0;
    %add;
    %store/vec4 v0x55cc820950d0_0, 0, 32;
    %jmp T_9.1;
T_9.0 ;
    %load/vec4 v0x55cc8208fe60_0;
    %flag_set/vec4 8;
    %jmp/0xz  T_9.2, 8;
    %load/vec4 v0x55cc8208fbd0_0;
    %pad/u 32;
    %cmpi/e 0, 0, 32;
    %jmp/0xz  T_9.4, 4;
    %load/vec4 v0x55cc82092510_0;
    %load/vec4 v0x55cc82090470_0;
    %add;
    %store/vec4 v0x55cc820950d0_0, 0, 32;
    %jmp T_9.5;
T_9.4 ;
    %load/vec4 v0x55cc82090ce0_0;
    %load/vec4 v0x55cc82090470_0;
    %add;
    %pushi/vec4 4294967294, 0, 32;
    %and;
    %store/vec4 v0x55cc820950d0_0, 0, 32;
T_9.5 ;
    %jmp T_9.3;
T_9.2 ;
    %load/vec4 v0x55cc82092510_0;
    %addi 4, 0, 32;
    %store/vec4 v0x55cc820950d0_0, 0, 32;
T_9.3 ;
T_9.1 ;
    %jmp T_9;
    .thread T_9, $push;
    .scope S_0x55cc8206b160;
T_10 ;
    %wait E_0x55cc8201efb0;
    %load/vec4 v0x55cc82092890_0;
    %load/vec4 v0x55cc82092d70_0;
    %pad/u 32;
    %muli 8, 0, 32;
    %ix/vec4 4;
    %shiftr 4;
    %store/vec4 v0x55cc820927b0_0, 0, 32;
    %load/vec4 v0x55cc82092a30_0;
    %flag_set/vec4 8;
    %jmp/0xz  T_10.0, 8;
    %load/vec4 v0x55cc82092e50_0;
    %dup/vec4;
    %pushi/vec4 0, 0, 3;
    %cmp/u;
    %jmp/1 T_10.2, 6;
    %dup/vec4;
    %pushi/vec4 1, 0, 3;
    %cmp/u;
    %jmp/1 T_10.3, 6;
    %dup/vec4;
    %pushi/vec4 2, 0, 3;
    %cmp/u;
    %jmp/1 T_10.4, 6;
    %jmp T_10.5;
T_10.2 ;
    %pushi/vec4 1, 0, 4;
    %ix/getv 4, v0x55cc82092d70_0;
    %shiftl 4;
    %store/vec4 v0x55cc82095340_0, 0, 4;
    %pushi/vec4 0, 0, 24;
    %load/vec4 v0x55cc820931d0_0;
    %parti/s 8, 0, 2;
    %concat/vec4; draw_concat_vec4
    %store/vec4 v0x55cc82094e60_0, 0, 32;
    %jmp T_10.5;
T_10.3 ;
    %pushi/vec4 3, 0, 4;
    %ix/getv 4, v0x55cc82092d70_0;
    %shiftl 4;
    %store/vec4 v0x55cc82095340_0, 0, 4;
    %pushi/vec4 0, 0, 16;
    %load/vec4 v0x55cc820931d0_0;
    %parti/s 16, 0, 2;
    %concat/vec4; draw_concat_vec4
    %store/vec4 v0x55cc82094e60_0, 0, 32;
    %jmp T_10.5;
T_10.4 ;
    %pushi/vec4 15, 0, 4;
    %store/vec4 v0x55cc82095340_0, 0, 4;
    %load/vec4 v0x55cc820931d0_0;
    %store/vec4 v0x55cc82094e60_0, 0, 32;
    %jmp T_10.5;
T_10.5 ;
    %pop/vec4 1;
    %jmp T_10.1;
T_10.0 ;
    %load/vec4 v0x55cc82092970_0;
    %flag_set/vec4 8;
    %jmp/0xz  T_10.6, 8;
    %load/vec4 v0x55cc82092e50_0;
    %dup/vec4;
    %pushi/vec4 0, 0, 3;
    %cmp/u;
    %jmp/1 T_10.8, 6;
    %dup/vec4;
    %pushi/vec4 1, 0, 3;
    %cmp/u;
    %jmp/1 T_10.9, 6;
    %dup/vec4;
    %pushi/vec4 2, 0, 3;
    %cmp/u;
    %jmp/1 T_10.10, 6;
    %dup/vec4;
    %pushi/vec4 4, 0, 3;
    %cmp/u;
    %jmp/1 T_10.11, 6;
    %dup/vec4;
    %pushi/vec4 5, 0, 3;
    %cmp/u;
    %jmp/1 T_10.12, 6;
    %jmp T_10.13;
T_10.8 ;
    %load/vec4 v0x55cc82092890_0;
    %parti/s 1, 7, 4;
    %replicate 24;
    %load/vec4 v0x55cc820927b0_0;
    %parti/s 8, 0, 2;
    %concat/vec4; draw_concat_vec4
    %store/vec4 v0x55cc820926d0_0, 0, 32;
    %jmp T_10.13;
T_10.9 ;
    %load/vec4 v0x55cc82092890_0;
    %parti/s 1, 15, 5;
    %replicate 16;
    %load/vec4 v0x55cc820927b0_0;
    %parti/s 16, 0, 2;
    %concat/vec4; draw_concat_vec4
    %store/vec4 v0x55cc820926d0_0, 0, 32;
    %jmp T_10.13;
T_10.10 ;
    %load/vec4 v0x55cc820927b0_0;
    %store/vec4 v0x55cc820926d0_0, 0, 32;
    %jmp T_10.13;
T_10.11 ;
    %pushi/vec4 0, 0, 24;
    %load/vec4 v0x55cc820927b0_0;
    %parti/s 8, 0, 2;
    %concat/vec4; draw_concat_vec4
    %store/vec4 v0x55cc820926d0_0, 0, 32;
    %jmp T_10.13;
T_10.12 ;
    %pushi/vec4 0, 0, 16;
    %load/vec4 v0x55cc820927b0_0;
    %parti/s 16, 0, 2;
    %concat/vec4; draw_concat_vec4
    %store/vec4 v0x55cc820926d0_0, 0, 32;
    %jmp T_10.13;
T_10.13 ;
    %pop/vec4 1;
T_10.6 ;
T_10.1 ;
    %jmp T_10;
    .thread T_10, $push;
    .scope S_0x55cc8206b160;
T_11 ;
    %wait E_0x55cc8201f200;
    %load/vec4 v0x55cc82093880_0;
    %dup/vec4;
    %pushi/vec4 0, 0, 2;
    %cmp/u;
    %jmp/1 T_11.0, 6;
    %dup/vec4;
    %pushi/vec4 1, 0, 2;
    %cmp/u;
    %jmp/1 T_11.1, 6;
    %dup/vec4;
    %pushi/vec4 2, 0, 2;
    %cmp/u;
    %jmp/1 T_11.2, 6;
    %dup/vec4;
    %pushi/vec4 3, 0, 2;
    %cmp/u;
    %jmp/1 T_11.3, 6;
    %jmp T_11.4;
T_11.0 ;
    %load/vec4 v0x55cc820936c0_0;
    %store/vec4 v0x55cc82093cc0_0, 0, 32;
    %jmp T_11.4;
T_11.1 ;
    %load/vec4 v0x55cc820937a0_0;
    %store/vec4 v0x55cc82093cc0_0, 0, 32;
    %jmp T_11.4;
T_11.2 ;
    %load/vec4 v0x55cc82093af0_0;
    %store/vec4 v0x55cc82093cc0_0, 0, 32;
    %jmp T_11.4;
T_11.3 ;
    %load/vec4 v0x55cc82093a30_0;
    %addi 4, 0, 32;
    %store/vec4 v0x55cc82093cc0_0, 0, 32;
    %jmp T_11.4;
T_11.4 ;
    %pop/vec4 1;
    %jmp T_11;
    .thread T_11, $push;
# The file index is used to find the file name in the following table.
:file_names 10;
    "N/A";
    "<interactive>";
    "../rtl/pipe/top.v";
    "../rtl/mem/BRAM.v";
    "../rtl/unit/ControlUnit.v";
    "../rtl/unit/RegFile.v";
    "../rtl/unit/ImmGen.v";
    "../rtl/unit/ALUControl.v";
    "../rtl/unit/ALU.v";
    "../rtl/unit/BPU.v";
